<?xml version="1.0" encoding="UTF-8"?>
<testsuite name="com.tms.controller.DashboardControllerIntegrationTest" tests="4" skipped="0" failures="0" errors="0" timestamp="2024-06-27T22:16:48" hostname="Mubins-MacBook-Air.local" time="0.978">
  <properties/>
  <testcase name="givenInProgressBooking_whenGetBookingsByDate_thenReturnAllBookingsByDate()" classname="com.tms.controller.DashboardControllerIntegrationTest" time="0.858"/>
  <testcase name="givenInProgressBooking_whenGetBookings_thenReturnAllBookings()" classname="com.tms.controller.DashboardControllerIntegrationTest" time="0.045"/>
  <testcase name="givenAvailableTaxi_whenGetTaxiByStatus_thenReturnAllTaxisByStatus()" classname="com.tms.controller.DashboardControllerIntegrationTest" time="0.029"/>
  <testcase name="givenInProgressBooking_whenGetBookingsByStatus_thenReturnAllBookingsByStatus()" classname="com.tms.controller.DashboardControllerIntegrationTest" time="0.041"/>
  <system-out><![CDATA[02:16:43.241 [Test worker] INFO org.testcontainers.images.PullPolicy -- Image pull policy will be performed by: DefaultPullPolicy()
02:16:43.251 [Test worker] INFO org.testcontainers.utility.ImageNameSubstitutor -- Image name substitution will be performed by: DefaultImageNameSubstitutor (composite of 'ConfigurationFileImageNameSubstitutor' and 'PrefixingImageNameSubstitutor')
02:16:43.532 [Test worker] INFO org.testcontainers.dockerclient.DockerClientProviderStrategy -- Loaded org.testcontainers.dockerclient.UnixSocketClientProviderStrategy from ~/.testcontainers.properties, will try it first
02:16:43.785 [Test worker] INFO org.testcontainers.dockerclient.DockerClientProviderStrategy -- Found Docker environment with local Unix socket (unix:///var/run/docker.sock)
02:16:43.787 [Test worker] INFO org.testcontainers.DockerClientFactory -- Docker host IP address is localhost
02:16:43.812 [Test worker] INFO org.testcontainers.DockerClientFactory -- Connected to docker: 
  Server Version: 26.1.1
  API Version: 1.45
  Operating System: Docker Desktop
  Total Memory: 7841 MB
02:16:43.832 [Test worker] INFO tc.testcontainers/ryuk:0.7.0 -- Creating container for image: testcontainers/ryuk:0.7.0
02:16:44.010 [Test worker] INFO tc.testcontainers/ryuk:0.7.0 -- Container testcontainers/ryuk:0.7.0 is starting: 1e1714496b335137c3aa04d7e784e3d0508170c5873ccec663cf0bb63e623a2f
02:16:44.269 [Test worker] INFO tc.testcontainers/ryuk:0.7.0 -- Container testcontainers/ryuk:0.7.0 started in PT0.437702S
02:16:44.274 [Test worker] INFO org.testcontainers.utility.RyukResourceReaper -- Ryuk started - will monitor and terminate Testcontainers containers on JVM exit
02:16:44.275 [Test worker] INFO org.testcontainers.DockerClientFactory -- Checking the system...
02:16:44.275 [Test worker] INFO org.testcontainers.DockerClientFactory -- ✔︎ Docker server version should be at least 1.6.0
02:16:44.276 [Test worker] INFO tc.postgres:14.1-alpine -- Creating container for image: postgres:14.1-alpine
02:16:44.296 [Test worker] INFO tc.postgres:14.1-alpine -- Container postgres:14.1-alpine is starting: cb838def2301fb753a24fc465ea1c894a920e7673e1a5da9b7ea46668ebf9bf8
02:16:45.240 [Test worker] INFO tc.postgres:14.1-alpine -- Container postgres:14.1-alpine started in PT0.963951S
02:16:45.240 [Test worker] INFO tc.postgres:14.1-alpine -- Container is started (JDBC URL: jdbc:postgresql://localhost:58334/test?loggerLevel=OFF)
02:16:45.317 [Test worker] INFO org.springframework.test.context.support.AnnotationConfigContextLoaderUtils -- Could not detect default configuration classes for test class [com.tms.controller.DashboardControllerIntegrationTest]: DashboardControllerIntegrationTest does not declare any static, non-private, non-final, nested classes annotated with @Configuration.
02:16:45.413 [Test worker] INFO org.springframework.boot.test.context.SpringBootTestContextBootstrapper -- Found @SpringBootConfiguration com.tms.TaxiManagementServiceApplication for test class com.tms.controller.DashboardControllerIntegrationTest
  .   ____          _            __ _ _
 /\\ / ___'_ __ _ _(_)_ __  __ _ \ \ \ \
( ( )\___ | '_ | '_| | '_ \/ _` | \ \ \ \
 \\/  ___)| |_)| | | | | || (_| |  ) ) ) )
  '  |____| .__|_| |_|_| |_\__, | / / / /
 =========|_|==============|___/=/_/_/_/

 :: Spring Boot ::                (v3.3.0)

2024-06-28T02:16:45.739+04:00  INFO 19819 --- [taxi-management-service] [    Test worker] c.t.c.DashboardControllerIntegrationTest : Starting DashboardControllerIntegrationTest using Java 21.0.3 with PID 19819 (started by mubin in /Users/mubin/Documents/Projects/Github/Beamtrail/taxi-management-service)
2024-06-28T02:16:45.740+04:00  INFO 19819 --- [taxi-management-service] [    Test worker] c.t.c.DashboardControllerIntegrationTest : The following 1 profile is active: "integration"
2024-06-28T02:16:46.243+04:00  INFO 19819 --- [taxi-management-service] [    Test worker] .s.d.r.c.RepositoryConfigurationDelegate : Bootstrapping Spring Data JPA repositories in DEFAULT mode.
2024-06-28T02:16:46.289+04:00  INFO 19819 --- [taxi-management-service] [    Test worker] .s.d.r.c.RepositoryConfigurationDelegate : Finished Spring Data repository scanning in 39 ms. Found 2 JPA repository interfaces.
2024-06-28T02:16:46.638+04:00  INFO 19819 --- [taxi-management-service] [    Test worker] o.s.b.w.embedded.tomcat.TomcatWebServer  : Tomcat initialized with port 0 (http)
2024-06-28T02:16:46.649+04:00  INFO 19819 --- [taxi-management-service] [    Test worker] o.apache.catalina.core.StandardService   : Starting service [Tomcat]
2024-06-28T02:16:46.650+04:00  INFO 19819 --- [taxi-management-service] [    Test worker] o.apache.catalina.core.StandardEngine    : Starting Servlet engine: [Apache Tomcat/10.1.24]
2024-06-28T02:16:46.690+04:00  INFO 19819 --- [taxi-management-service] [    Test worker] o.a.c.c.C.[Tomcat].[localhost].[/]       : Initializing Spring embedded WebApplicationContext
2024-06-28T02:16:46.691+04:00  INFO 19819 --- [taxi-management-service] [    Test worker] w.s.c.ServletWebServerApplicationContext : Root WebApplicationContext: initialization completed in 935 ms
2024-06-28T02:16:46.809+04:00  INFO 19819 --- [taxi-management-service] [    Test worker] o.hibernate.jpa.internal.util.LogHelper  : HHH000204: Processing PersistenceUnitInfo [name: default]
2024-06-28T02:16:46.851+04:00  INFO 19819 --- [taxi-management-service] [    Test worker] org.hibernate.Version                    : HHH000412: Hibernate ORM core version 6.5.2.Final
2024-06-28T02:16:46.879+04:00  INFO 19819 --- [taxi-management-service] [    Test worker] o.h.c.internal.RegionFactoryInitiator    : HHH000026: Second-level cache disabled
2024-06-28T02:16:47.112+04:00  INFO 19819 --- [taxi-management-service] [    Test worker] o.s.o.j.p.SpringPersistenceUnitInfo      : No LoadTimeWeaver setup: ignoring JPA class transformer
2024-06-28T02:16:47.134+04:00  INFO 19819 --- [taxi-management-service] [    Test worker] com.zaxxer.hikari.HikariDataSource       : HikariPool-1 - Starting...
2024-06-28T02:16:47.295+04:00  INFO 19819 --- [taxi-management-service] [    Test worker] com.zaxxer.hikari.pool.HikariPool        : HikariPool-1 - Added connection org.postgresql.jdbc.PgConnection@4398e224
2024-06-28T02:16:47.296+04:00  INFO 19819 --- [taxi-management-service] [    Test worker] com.zaxxer.hikari.HikariDataSource       : HikariPool-1 - Start completed.
2024-06-28T02:16:48.083+04:00  INFO 19819 --- [taxi-management-service] [    Test worker] o.h.e.t.j.p.i.JtaPlatformInitiator       : HHH000489: No JTA platform available (set 'hibernate.transaction.jta.platform' to enable JTA platform integration)
Hibernate: alter table if exists booking drop constraint if exists FKb9pxgdcu5is3umpn5m4uyq0ls
2024-06-28T02:16:48.099+04:00  WARN 19819 --- [taxi-management-service] [    Test worker] o.h.engine.jdbc.spi.SqlExceptionHelper   : SQL Warning Code: 0, SQLState: 00000
2024-06-28T02:16:48.099+04:00  WARN 19819 --- [taxi-management-service] [    Test worker] o.h.engine.jdbc.spi.SqlExceptionHelper   : relation "booking" does not exist, skipping
Hibernate: drop table if exists booking cascade
2024-06-28T02:16:48.106+04:00  WARN 19819 --- [taxi-management-service] [    Test worker] o.h.engine.jdbc.spi.SqlExceptionHelper   : SQL Warning Code: 0, SQLState: 00000
2024-06-28T02:16:48.106+04:00  WARN 19819 --- [taxi-management-service] [    Test worker] o.h.engine.jdbc.spi.SqlExceptionHelper   : table "booking" does not exist, skipping
Hibernate: drop table if exists taxi cascade
2024-06-28T02:16:48.107+04:00  WARN 19819 --- [taxi-management-service] [    Test worker] o.h.engine.jdbc.spi.SqlExceptionHelper   : SQL Warning Code: 0, SQLState: 00000
2024-06-28T02:16:48.107+04:00  WARN 19819 --- [taxi-management-service] [    Test worker] o.h.engine.jdbc.spi.SqlExceptionHelper   : table "taxi" does not exist, skipping
Hibernate: create table booking (destxpos float(53), destypos float(53), srcxpos float(53), srcypos float(53), ride_end_time timestamp(6), ride_start_time timestamp(6), booking_id varchar(255) not null, ride_status varchar(255) check (ride_status in ('IN_PROGRESS','COMPLETED')), taxi_id varchar(255), primary key (booking_id))
Hibernate: create table taxi (currxpos float(53), currypos float(53), taxi_id varchar(255) not null, taxi_status varchar(255) check (taxi_status in ('AVAILABLE','NOT_AVAILABLE','BOOKED')), primary key (taxi_id))
Hibernate: alter table if exists booking add constraint FKb9pxgdcu5is3umpn5m4uyq0ls foreign key (taxi_id) references taxi
2024-06-28T02:16:48.125+04:00  INFO 19819 --- [taxi-management-service] [    Test worker] j.LocalContainerEntityManagerFactoryBean : Initialized JPA EntityManagerFactory for persistence unit 'default'
2024-06-28T02:16:48.459+04:00  WARN 19819 --- [taxi-management-service] [    Test worker] JpaBaseConfiguration$JpaWebConfiguration : spring.jpa.open-in-view is enabled by default. Therefore, database queries may be performed during view rendering. Explicitly configure spring.jpa.open-in-view to disable this warning
2024-06-28T02:16:48.776+04:00  INFO 19819 --- [taxi-management-service] [    Test worker] o.s.b.w.embedded.tomcat.TomcatWebServer  : Tomcat started on port 58345 (http) with context path '/'
2024-06-28T02:16:48.783+04:00  INFO 19819 --- [taxi-management-service] [    Test worker] c.t.c.DashboardControllerIntegrationTest : Started DashboardControllerIntegrationTest in 3.274 seconds (process running for 6.361)
2024-06-28T02:16:49.138+04:00  INFO 19819 --- [taxi-management-service] [    Test worker] com.tms.service.impl.TaxiServiceImpl     : validating create taxi request
2024-06-28T02:16:49.157+04:00  INFO 19819 --- [taxi-management-service] [    Test worker] com.tms.service.impl.TaxiServiceImpl     : creating new taxi record
Hibernate: insert into taxi (currxpos,currypos,taxi_status,taxi_id) values (?,?,?,?)
2024-06-28T02:16:49.207+04:00  INFO 19819 --- [taxi-management-service] [    Test worker] com.tms.service.impl.RideServiceImpl     : validating new taxi booking request
2024-06-28T02:16:49.207+04:00  INFO 19819 --- [taxi-management-service] [    Test worker] com.tms.service.impl.RideServiceImpl     : getting nearest taxi
Hibernate: select t1_0.taxi_id,t1_0.currxpos,t1_0.currypos,t1_0.taxi_status from taxi t1_0 where t1_0.taxi_status=?
2024-06-28T02:16:49.314+04:00  INFO 19819 --- [taxi-management-service] [    Test worker] com.tms.service.impl.RideServiceImpl     : nearest taxi : TaxiDTO{taxiId='a2f74212-cfa3-4962-8cc8-b3b513991dfd', taxiStatus=AVAILABLE, xPosition=0.0, yPosition=0.0}
2024-06-28T02:16:49.324+04:00  INFO 19819 --- [taxi-management-service] [    Test worker] com.tms.service.impl.RideServiceImpl     : booking nearest taxi
2024-06-28T02:16:49.325+04:00  INFO 19819 --- [taxi-management-service] [    Test worker] com.tms.service.impl.RideServiceImpl     : nearest taxi successfully booked with booking details : RideDTO[srcXPos=0.0, srcYPos=0.0, destXPos=3.0, destYPos=3.0]
Hibernate: insert into booking (destxpos,destypos,ride_end_time,ride_start_time,ride_status,srcxpos,srcypos,taxi_id,booking_id) values (?,?,?,?,?,?,?,?,?)
Hibernate: update taxi set currxpos=?,currypos=?,taxi_status=? where taxi_id=?
2024-06-28T02:16:49.475+04:00  INFO 19819 --- [taxi-management-service] [o-auto-1-exec-1] o.a.c.c.C.[Tomcat].[localhost].[/]       : Initializing Spring DispatcherServlet 'dispatcherServlet'
2024-06-28T02:16:49.475+04:00  INFO 19819 --- [taxi-management-service] [o-auto-1-exec-1] o.s.web.servlet.DispatcherServlet        : Initializing Servlet 'dispatcherServlet'
2024-06-28T02:16:49.475+04:00  INFO 19819 --- [taxi-management-service] [o-auto-1-exec-1] o.s.web.servlet.DispatcherServlet        : Completed initialization in 0 ms
2024-06-28T02:16:49.503+04:00  INFO 19819 --- [taxi-management-service] [o-auto-1-exec-1] c.tms.service.impl.BookingServiceImpl    : getting the list of all bookings by date : 2024-06-28
Hibernate: select b1_0.booking_id,b1_0.destxpos,b1_0.destypos,b1_0.ride_end_time,b1_0.ride_start_time,b1_0.ride_status,b1_0.srcxpos,b1_0.srcypos,b1_0.taxi_id from booking b1_0 where b1_0.ride_start_time between ? and ?
Hibernate: select t1_0.taxi_id,t1_0.currxpos,t1_0.currypos,t1_0.taxi_status from taxi t1_0 where t1_0.taxi_id=?
2024-06-28T02:16:49.515+04:00  INFO 19819 --- [taxi-management-service] [o-auto-1-exec-1] c.tms.service.impl.BookingServiceImpl    : booking list by date retrieved successfully.
Hibernate: select b1_0.booking_id,b1_0.destxpos,b1_0.destypos,b1_0.ride_end_time,b1_0.ride_start_time,b1_0.ride_status,b1_0.srcxpos,b1_0.srcypos,b1_0.taxi_id from booking b1_0
Hibernate: select t1_0.taxi_id,t1_0.currxpos,t1_0.currypos,t1_0.taxi_status from taxi t1_0 where t1_0.taxi_id=?
Hibernate: delete from booking where booking_id=?
Hibernate: select t1_0.taxi_id,t1_0.currxpos,t1_0.currypos,t1_0.taxi_status from taxi t1_0
Hibernate: select b1_0.taxi_id,b1_0.booking_id,b1_0.destxpos,b1_0.destypos,b1_0.ride_end_time,b1_0.ride_start_time,b1_0.ride_status,b1_0.srcxpos,b1_0.srcypos from booking b1_0 where b1_0.taxi_id=?
Hibernate: delete from taxi where taxi_id=?
2024-06-28T02:16:49.650+04:00  INFO 19819 --- [taxi-management-service] [    Test worker] com.tms.service.impl.TaxiServiceImpl     : validating create taxi request
2024-06-28T02:16:49.651+04:00  INFO 19819 --- [taxi-management-service] [    Test worker] com.tms.service.impl.TaxiServiceImpl     : creating new taxi record
Hibernate: insert into taxi (currxpos,currypos,taxi_status,taxi_id) values (?,?,?,?)
2024-06-28T02:16:49.655+04:00  INFO 19819 --- [taxi-management-service] [    Test worker] com.tms.service.impl.RideServiceImpl     : validating new taxi booking request
2024-06-28T02:16:49.655+04:00  INFO 19819 --- [taxi-management-service] [    Test worker] com.tms.service.impl.RideServiceImpl     : getting nearest taxi
Hibernate: select t1_0.taxi_id,t1_0.currxpos,t1_0.currypos,t1_0.taxi_status from taxi t1_0 where t1_0.taxi_status=?
2024-06-28T02:16:49.658+04:00  INFO 19819 --- [taxi-management-service] [    Test worker] com.tms.service.impl.RideServiceImpl     : nearest taxi : TaxiDTO{taxiId='c72061a1-735c-4df4-b074-e835e685c59b', taxiStatus=AVAILABLE, xPosition=0.0, yPosition=0.0}
2024-06-28T02:16:49.659+04:00  INFO 19819 --- [taxi-management-service] [    Test worker] com.tms.service.impl.RideServiceImpl     : booking nearest taxi
2024-06-28T02:16:49.659+04:00  INFO 19819 --- [taxi-management-service] [    Test worker] com.tms.service.impl.RideServiceImpl     : nearest taxi successfully booked with booking details : RideDTO[srcXPos=0.0, srcYPos=0.0, destXPos=3.0, destYPos=3.0]
Hibernate: insert into booking (destxpos,destypos,ride_end_time,ride_start_time,ride_status,srcxpos,srcypos,taxi_id,booking_id) values (?,?,?,?,?,?,?,?,?)
Hibernate: update taxi set currxpos=?,currypos=?,taxi_status=? where taxi_id=?
2024-06-28T02:16:49.665+04:00  INFO 19819 --- [taxi-management-service] [o-auto-1-exec-2] c.tms.service.impl.BookingServiceImpl    : getting the list of all bookings.
Hibernate: select b1_0.booking_id,b1_0.destxpos,b1_0.destypos,b1_0.ride_end_time,b1_0.ride_start_time,b1_0.ride_status,b1_0.srcxpos,b1_0.srcypos,b1_0.taxi_id from booking b1_0
Hibernate: select t1_0.taxi_id,t1_0.currxpos,t1_0.currypos,t1_0.taxi_status from taxi t1_0 where t1_0.taxi_id=?
2024-06-28T02:16:49.674+04:00  INFO 19819 --- [taxi-management-service] [o-auto-1-exec-2] c.tms.service.impl.BookingServiceImpl    : booking list retrieved successfully.
Hibernate: select b1_0.booking_id,b1_0.destxpos,b1_0.destypos,b1_0.ride_end_time,b1_0.ride_start_time,b1_0.ride_status,b1_0.srcxpos,b1_0.srcypos,b1_0.taxi_id from booking b1_0
Hibernate: select t1_0.taxi_id,t1_0.currxpos,t1_0.currypos,t1_0.taxi_status from taxi t1_0 where t1_0.taxi_id=?
Hibernate: delete from booking where booking_id=?
Hibernate: select t1_0.taxi_id,t1_0.currxpos,t1_0.currypos,t1_0.taxi_status from taxi t1_0
Hibernate: select b1_0.taxi_id,b1_0.booking_id,b1_0.destxpos,b1_0.destypos,b1_0.ride_end_time,b1_0.ride_start_time,b1_0.ride_status,b1_0.srcxpos,b1_0.srcypos from booking b1_0 where b1_0.taxi_id=?
Hibernate: delete from taxi where taxi_id=?
2024-06-28T02:16:49.697+04:00  INFO 19819 --- [taxi-management-service] [    Test worker] com.tms.service.impl.TaxiServiceImpl     : validating create taxi request
2024-06-28T02:16:49.698+04:00  INFO 19819 --- [taxi-management-service] [    Test worker] com.tms.service.impl.TaxiServiceImpl     : creating new taxi record
Hibernate: insert into taxi (currxpos,currypos,taxi_status,taxi_id) values (?,?,?,?)
Hibernate: select t1_0.taxi_id,t1_0.currxpos,t1_0.currypos,t1_0.taxi_status from taxi t1_0 where t1_0.taxi_status=?
Hibernate: select b1_0.booking_id,b1_0.destxpos,b1_0.destypos,b1_0.ride_end_time,b1_0.ride_start_time,b1_0.ride_status,b1_0.srcxpos,b1_0.srcypos,b1_0.taxi_id from booking b1_0
Hibernate: select t1_0.taxi_id,t1_0.currxpos,t1_0.currypos,t1_0.taxi_status from taxi t1_0
Hibernate: select b1_0.taxi_id,b1_0.booking_id,b1_0.destxpos,b1_0.destypos,b1_0.ride_end_time,b1_0.ride_start_time,b1_0.ride_status,b1_0.srcxpos,b1_0.srcypos from booking b1_0 where b1_0.taxi_id=?
Hibernate: delete from taxi where taxi_id=?
2024-06-28T02:16:49.727+04:00  INFO 19819 --- [taxi-management-service] [    Test worker] com.tms.service.impl.TaxiServiceImpl     : validating create taxi request
2024-06-28T02:16:49.727+04:00  INFO 19819 --- [taxi-management-service] [    Test worker] com.tms.service.impl.TaxiServiceImpl     : creating new taxi record
Hibernate: insert into taxi (currxpos,currypos,taxi_status,taxi_id) values (?,?,?,?)
2024-06-28T02:16:49.730+04:00  INFO 19819 --- [taxi-management-service] [    Test worker] com.tms.service.impl.RideServiceImpl     : validating new taxi booking request
2024-06-28T02:16:49.731+04:00  INFO 19819 --- [taxi-management-service] [    Test worker] com.tms.service.impl.RideServiceImpl     : getting nearest taxi
Hibernate: select t1_0.taxi_id,t1_0.currxpos,t1_0.currypos,t1_0.taxi_status from taxi t1_0 where t1_0.taxi_status=?
2024-06-28T02:16:49.733+04:00  INFO 19819 --- [taxi-management-service] [    Test worker] com.tms.service.impl.RideServiceImpl     : nearest taxi : TaxiDTO{taxiId='acda42b1-5255-4861-a342-9076d05c5de2', taxiStatus=AVAILABLE, xPosition=0.0, yPosition=0.0}
2024-06-28T02:16:49.733+04:00  INFO 19819 --- [taxi-management-service] [    Test worker] com.tms.service.impl.RideServiceImpl     : booking nearest taxi
2024-06-28T02:16:49.733+04:00  INFO 19819 --- [taxi-management-service] [    Test worker] com.tms.service.impl.RideServiceImpl     : nearest taxi successfully booked with booking details : RideDTO[srcXPos=0.0, srcYPos=0.0, destXPos=3.0, destYPos=3.0]
Hibernate: insert into booking (destxpos,destypos,ride_end_time,ride_start_time,ride_status,srcxpos,srcypos,taxi_id,booking_id) values (?,?,?,?,?,?,?,?,?)
Hibernate: update taxi set currxpos=?,currypos=?,taxi_status=? where taxi_id=?
2024-06-28T02:16:49.740+04:00  INFO 19819 --- [taxi-management-service] [o-auto-1-exec-4] c.tms.service.impl.BookingServiceImpl    : getting the list of all bookings by journey status : IN_PROGRESS
Hibernate: select b1_0.booking_id,b1_0.destxpos,b1_0.destypos,b1_0.ride_end_time,b1_0.ride_start_time,b1_0.ride_status,b1_0.srcxpos,b1_0.srcypos,b1_0.taxi_id from booking b1_0 where b1_0.ride_status=?
Hibernate: select t1_0.taxi_id,t1_0.currxpos,t1_0.currypos,t1_0.taxi_status from taxi t1_0 where t1_0.taxi_id=?
2024-06-28T02:16:49.747+04:00  INFO 19819 --- [taxi-management-service] [o-auto-1-exec-4] c.tms.service.impl.BookingServiceImpl    : booking list by journey status retrieved successfully.
Hibernate: select b1_0.booking_id,b1_0.destxpos,b1_0.destypos,b1_0.ride_end_time,b1_0.ride_start_time,b1_0.ride_status,b1_0.srcxpos,b1_0.srcypos,b1_0.taxi_id from booking b1_0
Hibernate: select t1_0.taxi_id,t1_0.currxpos,t1_0.currypos,t1_0.taxi_status from taxi t1_0 where t1_0.taxi_id=?
Hibernate: delete from booking where booking_id=?
Hibernate: select t1_0.taxi_id,t1_0.currxpos,t1_0.currypos,t1_0.taxi_status from taxi t1_0
Hibernate: select b1_0.taxi_id,b1_0.booking_id,b1_0.destxpos,b1_0.destypos,b1_0.ride_end_time,b1_0.ride_start_time,b1_0.ride_status,b1_0.srcxpos,b1_0.srcypos from booking b1_0 where b1_0.taxi_id=?
Hibernate: delete from taxi where taxi_id=?
2024-06-28T02:16:49.921+04:00  INFO 19819 --- [taxi-management-service] [    Test worker] j.LocalContainerEntityManagerFactoryBean : Closing JPA EntityManagerFactory for persistence unit 'default'
Hibernate: alter table if exists booking drop constraint if exists FKb9pxgdcu5is3umpn5m4uyq0ls
2024-06-28T02:16:49.925+04:00  WARN 19819 --- [taxi-management-service] [    Test worker] com.zaxxer.hikari.pool.ProxyConnection   : HikariPool-1 - Connection org.postgresql.jdbc.PgConnection@4398e224 marked as broken because of SQLSTATE(08006), ErrorCode(0)

org.postgresql.util.PSQLException: An I/O error occurred while sending to the backend.
	at org.postgresql.core.v3.QueryExecutorImpl.execute(QueryExecutorImpl.java:398) ~[postgresql-42.7.3.jar:42.7.3]
	at org.postgresql.jdbc.PgStatement.executeInternal(PgStatement.java:502) ~[postgresql-42.7.3.jar:42.7.3]
	at org.postgresql.jdbc.PgStatement.execute(PgStatement.java:419) ~[postgresql-42.7.3.jar:42.7.3]
	at org.postgresql.jdbc.PgStatement.executeWithFlags(PgStatement.java:341) ~[postgresql-42.7.3.jar:42.7.3]
	at org.postgresql.jdbc.PgStatement.executeCachedSql(PgStatement.java:326) ~[postgresql-42.7.3.jar:42.7.3]
	at org.postgresql.jdbc.PgStatement.executeWithFlags(PgStatement.java:302) ~[postgresql-42.7.3.jar:42.7.3]
	at org.postgresql.jdbc.PgStatement.execute(PgStatement.java:297) ~[postgresql-42.7.3.jar:42.7.3]
	at com.zaxxer.hikari.pool.ProxyStatement.execute(ProxyStatement.java:94) ~[HikariCP-5.1.0.jar:na]
	at com.zaxxer.hikari.pool.HikariProxyStatement.execute(HikariProxyStatement.java) ~[HikariCP-5.1.0.jar:na]
	at org.hibernate.tool.schema.internal.exec.GenerationTargetToDatabase.accept(GenerationTargetToDatabase.java:80) ~[hibernate-core-6.5.2.Final.jar:6.5.2.Final]
	at org.hibernate.tool.schema.internal.SchemaDropperImpl$DelayedDropActionImpl.perform(SchemaDropperImpl.java:625) ~[hibernate-core-6.5.2.Final.jar:6.5.2.Final]
	at org.hibernate.boot.internal.SessionFactoryObserverForSchemaExport.sessionFactoryClosing(SessionFactoryObserverForSchemaExport.java:48) ~[hibernate-core-6.5.2.Final.jar:6.5.2.Final]
	at org.hibernate.internal.SessionFactoryObserverChain.sessionFactoryClosing(SessionFactoryObserverChain.java:48) ~[hibernate-core-6.5.2.Final.jar:6.5.2.Final]
	at org.hibernate.internal.SessionFactoryImpl.close(SessionFactoryImpl.java:922) ~[hibernate-core-6.5.2.Final.jar:6.5.2.Final]
	at java.base/jdk.internal.reflect.DirectMethodHandleAccessor.invoke(DirectMethodHandleAccessor.java:103) ~[na:na]
	at java.base/java.lang.reflect.Method.invoke(Method.java:580) ~[na:na]
	at org.springframework.orm.jpa.AbstractEntityManagerFactoryBean.invokeProxyMethod(AbstractEntityManagerFactoryBean.java:519) ~[spring-orm-6.1.8.jar:6.1.8]
	at org.springframework.orm.jpa.AbstractEntityManagerFactoryBean$ManagedEntityManagerFactoryInvocationHandler.invoke(AbstractEntityManagerFactoryBean.java:735) ~[spring-orm-6.1.8.jar:6.1.8]
	at jdk.proxy3/jdk.proxy3.$Proxy167.close(Unknown Source) ~[na:na]
	at org.springframework.orm.jpa.AbstractEntityManagerFactoryBean.destroy(AbstractEntityManagerFactoryBean.java:652) ~[spring-orm-6.1.8.jar:6.1.8]
	at org.springframework.beans.factory.support.DisposableBeanAdapter.destroy(DisposableBeanAdapter.java:211) ~[spring-beans-6.1.8.jar:6.1.8]
	at org.springframework.beans.factory.support.DefaultSingletonBeanRegistry.destroyBean(DefaultSingletonBeanRegistry.java:587) ~[spring-beans-6.1.8.jar:6.1.8]
	at org.springframework.beans.factory.support.DefaultSingletonBeanRegistry.destroySingleton(DefaultSingletonBeanRegistry.java:559) ~[spring-beans-6.1.8.jar:6.1.8]
	at org.springframework.beans.factory.support.DefaultListableBeanFactory.destroySingleton(DefaultListableBeanFactory.java:1202) ~[spring-beans-6.1.8.jar:6.1.8]
	at org.springframework.beans.factory.support.DefaultSingletonBeanRegistry.destroySingletons(DefaultSingletonBeanRegistry.java:520) ~[spring-beans-6.1.8.jar:6.1.8]
	at org.springframework.beans.factory.support.DefaultListableBeanFactory.destroySingletons(DefaultListableBeanFactory.java:1195) ~[spring-beans-6.1.8.jar:6.1.8]
	at org.springframework.context.support.AbstractApplicationContext.destroyBeans(AbstractApplicationContext.java:1186) ~[spring-context-6.1.8.jar:6.1.8]
	at org.springframework.context.support.AbstractApplicationContext.doClose(AbstractApplicationContext.java:1147) ~[spring-context-6.1.8.jar:6.1.8]
	at org.springframework.boot.web.servlet.context.ServletWebServerApplicationContext.doClose(ServletWebServerApplicationContext.java:174) ~[spring-boot-3.3.0.jar:3.3.0]
	at org.springframework.context.support.AbstractApplicationContext.close(AbstractApplicationContext.java:1093) ~[spring-context-6.1.8.jar:6.1.8]
	at org.springframework.test.context.cache.DefaultContextCache.remove(DefaultContextCache.java:204) ~[spring-test-6.1.8.jar:6.1.8]
	at org.springframework.test.context.cache.DefaultContextCache.remove(DefaultContextCache.java:169) ~[spring-test-6.1.8.jar:6.1.8]
	at org.springframework.test.context.cache.DefaultCacheAwareContextLoaderDelegate.closeContext(DefaultCacheAwareContextLoaderDelegate.java:203) ~[spring-test-6.1.8.jar:6.1.8]
	at org.springframework.test.context.support.DefaultTestContext.markApplicationContextDirty(DefaultTestContext.java:154) ~[spring-test-6.1.8.jar:6.1.8]
	at org.springframework.test.context.support.AbstractDirtiesContextTestExecutionListener.dirtyContext(AbstractDirtiesContextTestExecutionListener.java:70) ~[spring-test-6.1.8.jar:6.1.8]
	at org.springframework.test.context.support.AbstractDirtiesContextTestExecutionListener.beforeOrAfterTestClass(AbstractDirtiesContextTestExecutionListener.java:159) ~[spring-test-6.1.8.jar:6.1.8]
	at org.springframework.test.context.support.DirtiesContextTestExecutionListener.afterTestClass(DirtiesContextTestExecutionListener.java:96) ~[spring-test-6.1.8.jar:6.1.8]
	at org.springframework.test.context.TestContextManager.afterTestClass(TestContextManager.java:538) ~[spring-test-6.1.8.jar:6.1.8]
	at org.springframework.test.context.junit.jupiter.SpringExtension.afterAll(SpringExtension.java:144) ~[spring-test-6.1.8.jar:6.1.8]
	at org.junit.jupiter.engine.descriptor.ClassBasedTestDescriptor.lambda$invokeAfterAllCallbacks$18(ClassBasedTestDescriptor.java:462) ~[junit-jupiter-engine-5.10.2.jar:5.10.2]
	at org.junit.platform.engine.support.hierarchical.ThrowableCollector.execute(ThrowableCollector.java:73) ~[junit-platform-engine-1.10.2.jar:1.10.2]
	at org.junit.jupiter.engine.descriptor.ClassBasedTestDescriptor.lambda$invokeAfterAllCallbacks$19(ClassBasedTestDescriptor.java:462) ~[junit-jupiter-engine-5.10.2.jar:5.10.2]
	at org.junit.platform.commons.util.CollectionUtils.forEachInReverseOrder(CollectionUtils.java:221) ~[junit-platform-commons-1.10.2.jar:1.10.2]
	at org.junit.jupiter.engine.descriptor.ClassBasedTestDescriptor.invokeAfterAllCallbacks(ClassBasedTestDescriptor.java:461) ~[junit-jupiter-engine-5.10.2.jar:5.10.2]
	at org.junit.jupiter.engine.descriptor.ClassBasedTestDescriptor.after(ClassBasedTestDescriptor.java:236) ~[junit-jupiter-engine-5.10.2.jar:5.10.2]
	at org.junit.jupiter.engine.descriptor.ClassBasedTestDescriptor.after(ClassBasedTestDescriptor.java:85) ~[junit-jupiter-engine-5.10.2.jar:5.10.2]
	at org.junit.platform.engine.support.hierarchical.NodeTestTask.lambda$executeRecursively$7(NodeTestTask.java:161) ~[junit-platform-engine-1.10.2.jar:1.10.2]
	at org.junit.platform.engine.support.hierarchical.ThrowableCollector.execute(ThrowableCollector.java:73) ~[junit-platform-engine-1.10.2.jar:1.10.2]
	at org.junit.platform.engine.support.hierarchical.NodeTestTask.lambda$executeRecursively$8(NodeTestTask.java:161) ~[junit-platform-engine-1.10.2.jar:1.10.2]
	at org.junit.platform.engine.support.hierarchical.Node.around(Node.java:137) ~[junit-platform-engine-1.10.2.jar:1.10.2]
	at org.junit.platform.engine.support.hierarchical.NodeTestTask.lambda$executeRecursively$9(NodeTestTask.java:139) ~[junit-platform-engine-1.10.2.jar:1.10.2]
	at org.junit.platform.engine.support.hierarchical.ThrowableCollector.execute(ThrowableCollector.java:73) ~[junit-platform-engine-1.10.2.jar:1.10.2]
	at org.junit.platform.engine.support.hierarchical.NodeTestTask.executeRecursively(NodeTestTask.java:138) ~[junit-platform-engine-1.10.2.jar:1.10.2]
	at org.junit.platform.engine.support.hierarchical.NodeTestTask.execute(NodeTestTask.java:95) ~[junit-platform-engine-1.10.2.jar:1.10.2]
	at java.base/java.util.ArrayList.forEach(ArrayList.java:1596) ~[na:na]
	at org.junit.platform.engine.support.hierarchical.SameThreadHierarchicalTestExecutorService.invokeAll(SameThreadHierarchicalTestExecutorService.java:41) ~[junit-platform-engine-1.10.2.jar:1.10.2]
	at org.junit.platform.engine.support.hierarchical.NodeTestTask.lambda$executeRecursively$6(NodeTestTask.java:155) ~[junit-platform-engine-1.10.2.jar:1.10.2]
	at org.junit.platform.engine.support.hierarchical.ThrowableCollector.execute(ThrowableCollector.java:73) ~[junit-platform-engine-1.10.2.jar:1.10.2]
	at org.junit.platform.engine.support.hierarchical.NodeTestTask.lambda$executeRecursively$8(NodeTestTask.java:141) ~[junit-platform-engine-1.10.2.jar:1.10.2]
	at org.junit.platform.engine.support.hierarchical.Node.around(Node.java:137) ~[junit-platform-engine-1.10.2.jar:1.10.2]
	at org.junit.platform.engine.support.hierarchical.NodeTestTask.lambda$executeRecursively$9(NodeTestTask.java:139) ~[junit-platform-engine-1.10.2.jar:1.10.2]
	at org.junit.platform.engine.support.hierarchical.ThrowableCollector.execute(ThrowableCollector.java:73) ~[junit-platform-engine-1.10.2.jar:1.10.2]
	at org.junit.platform.engine.support.hierarchical.NodeTestTask.executeRecursively(NodeTestTask.java:138) ~[junit-platform-engine-1.10.2.jar:1.10.2]
	at org.junit.platform.engine.support.hierarchical.NodeTestTask.execute(NodeTestTask.java:95) ~[junit-platform-engine-1.10.2.jar:1.10.2]
	at org.junit.platform.engine.support.hierarchical.SameThreadHierarchicalTestExecutorService.submit(SameThreadHierarchicalTestExecutorService.java:35) ~[junit-platform-engine-1.10.2.jar:1.10.2]
	at org.junit.platform.engine.support.hierarchical.HierarchicalTestExecutor.execute(HierarchicalTestExecutor.java:57) ~[junit-platform-engine-1.10.2.jar:1.10.2]
	at org.junit.platform.engine.support.hierarchical.HierarchicalTestEngine.execute(HierarchicalTestEngine.java:54) ~[junit-platform-engine-1.10.2.jar:1.10.2]
	at org.junit.platform.launcher.core.EngineExecutionOrchestrator.execute(EngineExecutionOrchestrator.java:107) ~[junit-platform-launcher-1.8.2.jar:1.8.2]
	at org.junit.platform.launcher.core.EngineExecutionOrchestrator.execute(EngineExecutionOrchestrator.java:88) ~[junit-platform-launcher-1.8.2.jar:1.8.2]
	at org.junit.platform.launcher.core.EngineExecutionOrchestrator.lambda$execute$0(EngineExecutionOrchestrator.java:54) ~[junit-platform-launcher-1.8.2.jar:1.8.2]
	at org.junit.platform.launcher.core.EngineExecutionOrchestrator.withInterceptedStreams(EngineExecutionOrchestrator.java:67) ~[junit-platform-launcher-1.8.2.jar:1.8.2]
	at org.junit.platform.launcher.core.EngineExecutionOrchestrator.execute(EngineExecutionOrchestrator.java:52) ~[junit-platform-launcher-1.8.2.jar:1.8.2]
	at org.junit.platform.launcher.core.DefaultLauncher.execute(DefaultLauncher.java:114) ~[junit-platform-launcher-1.8.2.jar:1.8.2]
	at org.junit.platform.launcher.core.DefaultLauncher.execute(DefaultLauncher.java:86) ~[junit-platform-launcher-1.8.2.jar:1.8.2]
	at org.junit.platform.launcher.core.DefaultLauncherSession$DelegatingLauncher.execute(DefaultLauncherSession.java:86) ~[junit-platform-launcher-1.8.2.jar:1.8.2]
	at org.gradle.api.internal.tasks.testing.junitplatform.JUnitPlatformTestClassProcessor$CollectAllTestClassesExecutor.processAllTestClasses(JUnitPlatformTestClassProcessor.java:119) ~[na:na]
	at org.gradle.api.internal.tasks.testing.junitplatform.JUnitPlatformTestClassProcessor$CollectAllTestClassesExecutor.access$000(JUnitPlatformTestClassProcessor.java:94) ~[na:na]
	at org.gradle.api.internal.tasks.testing.junitplatform.JUnitPlatformTestClassProcessor.stop(JUnitPlatformTestClassProcessor.java:89) ~[na:na]
	at org.gradle.api.internal.tasks.testing.SuiteTestClassProcessor.stop(SuiteTestClassProcessor.java:62) ~[na:na]
	at java.base/jdk.internal.reflect.DirectMethodHandleAccessor.invoke(DirectMethodHandleAccessor.java:103) ~[na:na]
	at java.base/java.lang.reflect.Method.invoke(Method.java:580) ~[na:na]
	at org.gradle.internal.dispatch.ReflectionDispatch.dispatch(ReflectionDispatch.java:36) ~[na:na]
	at org.gradle.internal.dispatch.ReflectionDispatch.dispatch(ReflectionDispatch.java:24) ~[na:na]
	at org.gradle.internal.dispatch.ContextClassLoaderDispatch.dispatch(ContextClassLoaderDispatch.java:33) ~[na:na]
	at org.gradle.internal.dispatch.ProxyDispatchAdapter$DispatchingInvocationHandler.invoke(ProxyDispatchAdapter.java:94) ~[na:na]
	at jdk.proxy2/jdk.proxy2.$Proxy5.stop(Unknown Source) ~[na:na]
	at org.gradle.api.internal.tasks.testing.worker.TestWorker$3.run(TestWorker.java:193) ~[na:na]
	at org.gradle.api.internal.tasks.testing.worker.TestWorker.executeAndMaintainThreadName(TestWorker.java:129) ~[na:na]
	at org.gradle.api.internal.tasks.testing.worker.TestWorker.execute(TestWorker.java:100) ~[na:na]
	at org.gradle.api.internal.tasks.testing.worker.TestWorker.execute(TestWorker.java:60) ~[na:na]
	at org.gradle.process.internal.worker.child.ActionExecutionWorker.execute(ActionExecutionWorker.java:56) ~[na:na]
	at org.gradle.process.internal.worker.child.SystemApplicationClassLoaderWorker.call(SystemApplicationClassLoaderWorker.java:113) ~[na:na]
	at org.gradle.process.internal.worker.child.SystemApplicationClassLoaderWorker.call(SystemApplicationClassLoaderWorker.java:65) ~[na:na]
	at worker.org.gradle.process.internal.worker.GradleWorkerMain.run(GradleWorkerMain.java:69) ~[gradle-worker.jar:na]
	at worker.org.gradle.process.internal.worker.GradleWorkerMain.main(GradleWorkerMain.java:74) ~[gradle-worker.jar:na]
Caused by: java.io.EOFException: null
	at org.postgresql.core.PGStream.receiveChar(PGStream.java:469) ~[postgresql-42.7.3.jar:42.7.3]
	at org.postgresql.core.v3.QueryExecutorImpl.processResults(QueryExecutorImpl.java:2166) ~[postgresql-42.7.3.jar:42.7.3]
	at org.postgresql.core.v3.QueryExecutorImpl.execute(QueryExecutorImpl.java:371) ~[postgresql-42.7.3.jar:42.7.3]
	... 94 common frames omitted

2024-06-28T02:16:49.942+04:00 ERROR 19819 --- [taxi-management-service] [    Test worker] .SchemaDropperImpl$DelayedDropActionImpl : HHH000478: Unsuccessful: alter table if exists booking drop constraint if exists FKb9pxgdcu5is3umpn5m4uyq0ls
Hibernate: drop table if exists booking cascade
2024-06-28T02:16:49.943+04:00 ERROR 19819 --- [taxi-management-service] [    Test worker] .SchemaDropperImpl$DelayedDropActionImpl : HHH000478: Unsuccessful: drop table if exists booking cascade
Hibernate: drop table if exists taxi cascade
2024-06-28T02:16:49.943+04:00 ERROR 19819 --- [taxi-management-service] [    Test worker] .SchemaDropperImpl$DelayedDropActionImpl : HHH000478: Unsuccessful: drop table if exists taxi cascade
2024-06-28T02:16:49.944+04:00  INFO 19819 --- [taxi-management-service] [    Test worker] com.zaxxer.hikari.HikariDataSource       : HikariPool-1 - Shutdown initiated...
2024-06-28T02:16:49.957+04:00  INFO 19819 --- [taxi-management-service] [    Test worker] com.zaxxer.hikari.HikariDataSource       : HikariPool-1 - Shutdown completed.
]]></system-out>
  <system-err><![CDATA[WARNING: A Java agent has been loaded dynamically (/Users/mubin/.gradle/caches/modules-2/files-2.1/net.bytebuddy/byte-buddy-agent/1.14.16/4a451ee6484abac3a498df0f3b33ed00a6fced4d/byte-buddy-agent-1.14.16.jar)
WARNING: If a serviceability tool is in use, please run with -XX:+EnableDynamicAgentLoading to hide this warning
WARNING: If a serviceability tool is not in use, please run with -Djdk.instrument.traceUsage for more information
WARNING: Dynamic loading of agents will be disallowed by default in a future release
]]></system-err>
</testsuite>
