<?xml version="1.0" encoding="UTF-8"?>
<testsuite name="com.tms.service.TaxiServiceIntegrationTest" tests="12" skipped="0" failures="0" errors="0" timestamp="2024-06-27T22:16:59" hostname="Mubins-MacBook-Air.local" time="0.138">
  <properties/>
  <testcase name="whenUpdateTaxiWithInvalidStatus_thenThrowsTaxiUpdateException()" classname="com.tms.service.TaxiServiceIntegrationTest" time="0.017"/>
  <testcase name="whenCreateTaxis_thenReturnAllTaxi()" classname="com.tms.service.TaxiServiceIntegrationTest" time="0.014"/>
  <testcase name="whenNotCreateTaxis_thenThrowsNoTaxiRecordFoundException()" classname="com.tms.service.TaxiServiceIntegrationTest" time="0.008"/>
  <testcase name="whenCreateTaxiWithEmptyYPosition_thenThrowsTaxiCreationException()" classname="com.tms.service.TaxiServiceIntegrationTest" time="0.005"/>
  <testcase name="whenCreateTaxi_thenFindTaxiById()" classname="com.tms.service.TaxiServiceIntegrationTest" time="0.015"/>
  <testcase name="whenCreateTaxiWithEmptyTaxiDetails_thenThrowsTaxiCreationException()" classname="com.tms.service.TaxiServiceIntegrationTest" time="0.006"/>
  <testcase name="whenUpdateTaxi_thenReturnUpdatedTaxiDetails()" classname="com.tms.service.TaxiServiceIntegrationTest" time="0.014"/>
  <testcase name="whenCreateTaxi_thenReturnTaxi()" classname="com.tms.service.TaxiServiceIntegrationTest" time="0.011"/>
  <testcase name="whenCreateTaxi_thenFindTaxiByInvalidIdThrowsNoTaxiRecordFoundException()" classname="com.tms.service.TaxiServiceIntegrationTest" time="0.013"/>
  <testcase name="whenCreateTaxiWithEmptyXPosition_thenThrowsTaxiCreationException()" classname="com.tms.service.TaxiServiceIntegrationTest" time="0.006"/>
  <testcase name="whenCreateTaxi_thenFindTaxiByStatus()" classname="com.tms.service.TaxiServiceIntegrationTest" time="0.012"/>
  <testcase name="whenCreateTaxi_thenFindTaxiByInvalidStatusThrowsNoTaxiRecordFoundException()" classname="com.tms.service.TaxiServiceIntegrationTest" time="0.012"/>
  <system-out><![CDATA[2024-06-28T02:16:58.083+04:00  INFO 19819 --- [taxi-management-service] [    Test worker] tc.postgres:14.1-alpine                  : Creating container for image: postgres:14.1-alpine
2024-06-28T02:16:58.113+04:00  INFO 19819 --- [taxi-management-service] [    Test worker] tc.postgres:14.1-alpine                  : Container postgres:14.1-alpine is starting: 1c29afdef9155e857f09ca02e524745f613f636f24b757d7d5abc39d20b3cbd8
2024-06-28T02:16:59.003+04:00  INFO 19819 --- [taxi-management-service] [    Test worker] tc.postgres:14.1-alpine                  : Container postgres:14.1-alpine started in PT0.92039S
2024-06-28T02:16:59.003+04:00  INFO 19819 --- [taxi-management-service] [    Test worker] tc.postgres:14.1-alpine                  : Container is started (JDBC URL: jdbc:postgresql://localhost:58413/test?loggerLevel=OFF)
2024-06-28T02:16:59.005+04:00  INFO 19819 --- [taxi-management-service] [    Test worker] t.c.s.AnnotationConfigContextLoaderUtils : Could not detect default configuration classes for test class [com.tms.service.TaxiServiceIntegrationTest]: TaxiServiceIntegrationTest does not declare any static, non-private, non-final, nested classes annotated with @Configuration.
2024-06-28T02:16:59.007+04:00  INFO 19819 --- [taxi-management-service] [    Test worker] .b.t.c.SpringBootTestContextBootstrapper : Found @SpringBootConfiguration com.tms.TaxiManagementServiceApplication for test class com.tms.service.TaxiServiceIntegrationTest
  .   ____          _            __ _ _
 /\\ / ___'_ __ _ _(_)_ __  __ _ \ \ \ \
( ( )\___ | '_ | '_| | '_ \/ _` | \ \ \ \
 \\/  ___)| |_)| | | | | || (_| |  ) ) ) )
  '  |____| .__|_| |_|_| |_\__, | / / / /
 =========|_|==============|___/=/_/_/_/

 :: Spring Boot ::                (v3.3.0)

2024-06-28T02:16:59.027+04:00  INFO 19819 --- [taxi-management-service] [    Test worker] c.t.service.TaxiServiceIntegrationTest   : Starting TaxiServiceIntegrationTest using Java 21.0.3 with PID 19819 (started by mubin in /Users/mubin/Documents/Projects/Github/Beamtrail/taxi-management-service)
2024-06-28T02:16:59.027+04:00  INFO 19819 --- [taxi-management-service] [    Test worker] c.t.service.TaxiServiceIntegrationTest   : The following 1 profile is active: "integration"
2024-06-28T02:16:59.100+04:00  INFO 19819 --- [taxi-management-service] [    Test worker] .s.d.r.c.RepositoryConfigurationDelegate : Bootstrapping Spring Data JPA repositories in DEFAULT mode.
2024-06-28T02:16:59.106+04:00  INFO 19819 --- [taxi-management-service] [    Test worker] .s.d.r.c.RepositoryConfigurationDelegate : Finished Spring Data repository scanning in 6 ms. Found 2 JPA repository interfaces.
2024-06-28T02:16:59.128+04:00  INFO 19819 --- [taxi-management-service] [    Test worker] o.hibernate.jpa.internal.util.LogHelper  : HHH000204: Processing PersistenceUnitInfo [name: default]
2024-06-28T02:16:59.129+04:00  INFO 19819 --- [taxi-management-service] [    Test worker] o.h.c.internal.RegionFactoryInitiator    : HHH000026: Second-level cache disabled
2024-06-28T02:16:59.132+04:00  INFO 19819 --- [taxi-management-service] [    Test worker] o.s.o.j.p.SpringPersistenceUnitInfo      : No LoadTimeWeaver setup: ignoring JPA class transformer
2024-06-28T02:16:59.132+04:00  INFO 19819 --- [taxi-management-service] [    Test worker] com.zaxxer.hikari.HikariDataSource       : HikariPool-7 - Starting...
2024-06-28T02:16:59.162+04:00  INFO 19819 --- [taxi-management-service] [    Test worker] com.zaxxer.hikari.pool.HikariPool        : HikariPool-7 - Added connection org.postgresql.jdbc.PgConnection@208cbbdf
2024-06-28T02:16:59.162+04:00  INFO 19819 --- [taxi-management-service] [    Test worker] com.zaxxer.hikari.HikariDataSource       : HikariPool-7 - Start completed.
2024-06-28T02:16:59.196+04:00  INFO 19819 --- [taxi-management-service] [    Test worker] o.h.e.t.j.p.i.JtaPlatformInitiator       : HHH000489: No JTA platform available (set 'hibernate.transaction.jta.platform' to enable JTA platform integration)
Hibernate: alter table if exists booking drop constraint if exists FKb9pxgdcu5is3umpn5m4uyq0ls
2024-06-28T02:16:59.198+04:00  WARN 19819 --- [taxi-management-service] [    Test worker] o.h.engine.jdbc.spi.SqlExceptionHelper   : SQL Warning Code: 0, SQLState: 00000
2024-06-28T02:16:59.198+04:00  WARN 19819 --- [taxi-management-service] [    Test worker] o.h.engine.jdbc.spi.SqlExceptionHelper   : relation "booking" does not exist, skipping
Hibernate: drop table if exists booking cascade
2024-06-28T02:16:59.199+04:00  WARN 19819 --- [taxi-management-service] [    Test worker] o.h.engine.jdbc.spi.SqlExceptionHelper   : SQL Warning Code: 0, SQLState: 00000
2024-06-28T02:16:59.199+04:00  WARN 19819 --- [taxi-management-service] [    Test worker] o.h.engine.jdbc.spi.SqlExceptionHelper   : table "booking" does not exist, skipping
Hibernate: drop table if exists taxi cascade
2024-06-28T02:16:59.200+04:00  WARN 19819 --- [taxi-management-service] [    Test worker] o.h.engine.jdbc.spi.SqlExceptionHelper   : SQL Warning Code: 0, SQLState: 00000
2024-06-28T02:16:59.200+04:00  WARN 19819 --- [taxi-management-service] [    Test worker] o.h.engine.jdbc.spi.SqlExceptionHelper   : table "taxi" does not exist, skipping
Hibernate: create table booking (destxpos float(53), destypos float(53), srcxpos float(53), srcypos float(53), ride_end_time timestamp(6), ride_start_time timestamp(6), booking_id varchar(255) not null, ride_status varchar(255) check (ride_status in ('IN_PROGRESS','COMPLETED')), taxi_id varchar(255), primary key (booking_id))
Hibernate: create table taxi (currxpos float(53), currypos float(53), taxi_id varchar(255) not null, taxi_status varchar(255) check (taxi_status in ('AVAILABLE','NOT_AVAILABLE','BOOKED')), primary key (taxi_id))
Hibernate: alter table if exists booking add constraint FKb9pxgdcu5is3umpn5m4uyq0ls foreign key (taxi_id) references taxi
2024-06-28T02:16:59.220+04:00  INFO 19819 --- [taxi-management-service] [    Test worker] j.LocalContainerEntityManagerFactoryBean : Initialized JPA EntityManagerFactory for persistence unit 'default'
2024-06-28T02:16:59.252+04:00  WARN 19819 --- [taxi-management-service] [    Test worker] JpaBaseConfiguration$JpaWebConfiguration : spring.jpa.open-in-view is enabled by default. Therefore, database queries may be performed during view rendering. Explicitly configure spring.jpa.open-in-view to disable this warning
2024-06-28T02:16:59.291+04:00  INFO 19819 --- [taxi-management-service] [    Test worker] c.t.service.TaxiServiceIntegrationTest   : Started TaxiServiceIntegrationTest in 0.282 seconds (process running for 16.869)
2024-06-28T02:16:59.293+04:00  INFO 19819 --- [taxi-management-service] [    Test worker] com.tms.service.impl.TaxiServiceImpl     : validating create taxi request
2024-06-28T02:16:59.293+04:00  INFO 19819 --- [taxi-management-service] [    Test worker] com.tms.service.impl.TaxiServiceImpl     : creating new taxi record
Hibernate: insert into taxi (currxpos,currypos,taxi_status,taxi_id) values (?,?,?,?)
2024-06-28T02:16:59.298+04:00  INFO 19819 --- [taxi-management-service] [    Test worker] com.tms.service.impl.TaxiServiceImpl     : validating update taxi request
Hibernate: select t1_0.taxi_id,t1_0.currxpos,t1_0.currypos,t1_0.taxi_status from taxi t1_0 where t1_0.taxi_id=?
2024-06-28T02:16:59.300+04:00 ERROR 19819 --- [taxi-management-service] [    Test worker] c.t.v.impl.TaxiValidationServiceImpl     : Invalid booking status. (Only AVAILABLE and NOT_AVAILABLE allowed)
Hibernate: select t1_0.taxi_id,t1_0.currxpos,t1_0.currypos,t1_0.taxi_status from taxi t1_0
Hibernate: select b1_0.taxi_id,b1_0.booking_id,b1_0.destxpos,b1_0.destypos,b1_0.ride_end_time,b1_0.ride_start_time,b1_0.ride_status,b1_0.srcxpos,b1_0.srcypos from booking b1_0 where b1_0.taxi_id=?
Hibernate: delete from taxi where taxi_id=?
2024-06-28T02:16:59.311+04:00  INFO 19819 --- [taxi-management-service] [    Test worker] com.tms.service.impl.TaxiServiceImpl     : validating create taxi request
2024-06-28T02:16:59.311+04:00  INFO 19819 --- [taxi-management-service] [    Test worker] com.tms.service.impl.TaxiServiceImpl     : creating new taxi record
Hibernate: insert into taxi (currxpos,currypos,taxi_status,taxi_id) values (?,?,?,?)
Hibernate: select t1_0.taxi_id,t1_0.currxpos,t1_0.currypos,t1_0.taxi_status from taxi t1_0
Hibernate: select t1_0.taxi_id,t1_0.currxpos,t1_0.currypos,t1_0.taxi_status from taxi t1_0
Hibernate: select b1_0.taxi_id,b1_0.booking_id,b1_0.destxpos,b1_0.destypos,b1_0.ride_end_time,b1_0.ride_start_time,b1_0.ride_status,b1_0.srcxpos,b1_0.srcypos from booking b1_0 where b1_0.taxi_id=?
Hibernate: delete from taxi where taxi_id=?
Hibernate: select t1_0.taxi_id,t1_0.currxpos,t1_0.currypos,t1_0.taxi_status from taxi t1_0
2024-06-28T02:16:59.329+04:00 ERROR 19819 --- [taxi-management-service] [    Test worker] com.tms.service.impl.TaxiServiceImpl     : No taxi record(s) found.
Hibernate: select t1_0.taxi_id,t1_0.currxpos,t1_0.currypos,t1_0.taxi_status from taxi t1_0
2024-06-28T02:16:59.334+04:00  INFO 19819 --- [taxi-management-service] [    Test worker] com.tms.service.impl.TaxiServiceImpl     : validating create taxi request
2024-06-28T02:16:59.334+04:00 ERROR 19819 --- [taxi-management-service] [    Test worker] c.t.v.impl.TaxiValidationServiceImpl     : Please provide taxi coordinates.
Hibernate: select t1_0.taxi_id,t1_0.currxpos,t1_0.currypos,t1_0.taxi_status from taxi t1_0
2024-06-28T02:16:59.340+04:00  INFO 19819 --- [taxi-management-service] [    Test worker] com.tms.service.impl.TaxiServiceImpl     : validating create taxi request
2024-06-28T02:16:59.340+04:00  INFO 19819 --- [taxi-management-service] [    Test worker] com.tms.service.impl.TaxiServiceImpl     : creating new taxi record
Hibernate: insert into taxi (currxpos,currypos,taxi_status,taxi_id) values (?,?,?,?)
Hibernate: select t1_0.taxi_id,t1_0.currxpos,t1_0.currypos,t1_0.taxi_status from taxi t1_0 where t1_0.taxi_id=?
Hibernate: select t1_0.taxi_id,t1_0.currxpos,t1_0.currypos,t1_0.taxi_status from taxi t1_0
Hibernate: select b1_0.taxi_id,b1_0.booking_id,b1_0.destxpos,b1_0.destypos,b1_0.ride_end_time,b1_0.ride_start_time,b1_0.ride_status,b1_0.srcxpos,b1_0.srcypos from booking b1_0 where b1_0.taxi_id=?
Hibernate: delete from taxi where taxi_id=?
2024-06-28T02:16:59.356+04:00  INFO 19819 --- [taxi-management-service] [    Test worker] com.tms.service.impl.TaxiServiceImpl     : validating create taxi request
2024-06-28T02:16:59.356+04:00 ERROR 19819 --- [taxi-management-service] [    Test worker] c.t.v.impl.TaxiValidationServiceImpl     : Please provide taxi details.
Hibernate: select t1_0.taxi_id,t1_0.currxpos,t1_0.currypos,t1_0.taxi_status from taxi t1_0
2024-06-28T02:16:59.361+04:00  INFO 19819 --- [taxi-management-service] [    Test worker] com.tms.service.impl.TaxiServiceImpl     : validating create taxi request
2024-06-28T02:16:59.362+04:00  INFO 19819 --- [taxi-management-service] [    Test worker] com.tms.service.impl.TaxiServiceImpl     : creating new taxi record
Hibernate: insert into taxi (currxpos,currypos,taxi_status,taxi_id) values (?,?,?,?)
2024-06-28T02:16:59.364+04:00  INFO 19819 --- [taxi-management-service] [    Test worker] com.tms.service.impl.TaxiServiceImpl     : validating update taxi request
Hibernate: select t1_0.taxi_id,t1_0.currxpos,t1_0.currypos,t1_0.taxi_status from taxi t1_0 where t1_0.taxi_id=?
2024-06-28T02:16:59.366+04:00  INFO 19819 --- [taxi-management-service] [    Test worker] com.tms.service.impl.TaxiServiceImpl     : updating taxi details : Taxi{taxiId='d46ad0d5-095c-4c9e-9360-6f45e5eb5345', taxiStatus=NOT_AVAILABLE, currXPos=0.0, currYPos=0.0}
Hibernate: update taxi set currxpos=?,currypos=?,taxi_status=? where taxi_id=?
Hibernate: select t1_0.taxi_id,t1_0.currxpos,t1_0.currypos,t1_0.taxi_status from taxi t1_0
Hibernate: select b1_0.taxi_id,b1_0.booking_id,b1_0.destxpos,b1_0.destypos,b1_0.ride_end_time,b1_0.ride_start_time,b1_0.ride_status,b1_0.srcxpos,b1_0.srcypos from booking b1_0 where b1_0.taxi_id=?
Hibernate: delete from taxi where taxi_id=?
2024-06-28T02:16:59.376+04:00  INFO 19819 --- [taxi-management-service] [    Test worker] com.tms.service.impl.TaxiServiceImpl     : validating create taxi request
2024-06-28T02:16:59.376+04:00  INFO 19819 --- [taxi-management-service] [    Test worker] com.tms.service.impl.TaxiServiceImpl     : creating new taxi record
Hibernate: insert into taxi (currxpos,currypos,taxi_status,taxi_id) values (?,?,?,?)
Hibernate: select t1_0.taxi_id,t1_0.currxpos,t1_0.currypos,t1_0.taxi_status from taxi t1_0
Hibernate: select b1_0.taxi_id,b1_0.booking_id,b1_0.destxpos,b1_0.destypos,b1_0.ride_end_time,b1_0.ride_start_time,b1_0.ride_status,b1_0.srcxpos,b1_0.srcypos from booking b1_0 where b1_0.taxi_id=?
Hibernate: delete from taxi where taxi_id=?
2024-06-28T02:16:59.388+04:00  INFO 19819 --- [taxi-management-service] [    Test worker] com.tms.service.impl.TaxiServiceImpl     : validating create taxi request
2024-06-28T02:16:59.388+04:00  INFO 19819 --- [taxi-management-service] [    Test worker] com.tms.service.impl.TaxiServiceImpl     : creating new taxi record
Hibernate: insert into taxi (currxpos,currypos,taxi_status,taxi_id) values (?,?,?,?)
Hibernate: select t1_0.taxi_id,t1_0.currxpos,t1_0.currypos,t1_0.taxi_status from taxi t1_0 where t1_0.taxi_id=?
Hibernate: select t1_0.taxi_id,t1_0.currxpos,t1_0.currypos,t1_0.taxi_status from taxi t1_0
Hibernate: select b1_0.taxi_id,b1_0.booking_id,b1_0.destxpos,b1_0.destypos,b1_0.ride_end_time,b1_0.ride_start_time,b1_0.ride_status,b1_0.srcxpos,b1_0.srcypos from booking b1_0 where b1_0.taxi_id=?
Hibernate: delete from taxi where taxi_id=?
2024-06-28T02:16:59.401+04:00  INFO 19819 --- [taxi-management-service] [    Test worker] com.tms.service.impl.TaxiServiceImpl     : validating create taxi request
2024-06-28T02:16:59.401+04:00 ERROR 19819 --- [taxi-management-service] [    Test worker] c.t.v.impl.TaxiValidationServiceImpl     : Please provide taxi coordinates.
Hibernate: select t1_0.taxi_id,t1_0.currxpos,t1_0.currypos,t1_0.taxi_status from taxi t1_0
2024-06-28T02:16:59.406+04:00  INFO 19819 --- [taxi-management-service] [    Test worker] com.tms.service.impl.TaxiServiceImpl     : validating create taxi request
2024-06-28T02:16:59.407+04:00  INFO 19819 --- [taxi-management-service] [    Test worker] com.tms.service.impl.TaxiServiceImpl     : creating new taxi record
Hibernate: insert into taxi (currxpos,currypos,taxi_status,taxi_id) values (?,?,?,?)
Hibernate: select t1_0.taxi_id,t1_0.currxpos,t1_0.currypos,t1_0.taxi_status from taxi t1_0 where t1_0.taxi_status=?
Hibernate: select t1_0.taxi_id,t1_0.currxpos,t1_0.currypos,t1_0.taxi_status from taxi t1_0
Hibernate: select b1_0.taxi_id,b1_0.booking_id,b1_0.destxpos,b1_0.destypos,b1_0.ride_end_time,b1_0.ride_start_time,b1_0.ride_status,b1_0.srcxpos,b1_0.srcypos from booking b1_0 where b1_0.taxi_id=?
Hibernate: delete from taxi where taxi_id=?
2024-06-28T02:16:59.419+04:00  INFO 19819 --- [taxi-management-service] [    Test worker] com.tms.service.impl.TaxiServiceImpl     : validating create taxi request
2024-06-28T02:16:59.419+04:00  INFO 19819 --- [taxi-management-service] [    Test worker] com.tms.service.impl.TaxiServiceImpl     : creating new taxi record
Hibernate: insert into taxi (currxpos,currypos,taxi_status,taxi_id) values (?,?,?,?)
Hibernate: select t1_0.taxi_id,t1_0.currxpos,t1_0.currypos,t1_0.taxi_status from taxi t1_0 where t1_0.taxi_status=?
2024-06-28T02:16:59.424+04:00 ERROR 19819 --- [taxi-management-service] [    Test worker] com.tms.service.impl.TaxiServiceImpl     : No taxi record(s) found for the status : NOT_AVAILABLE
Hibernate: select t1_0.taxi_id,t1_0.currxpos,t1_0.currypos,t1_0.taxi_status from taxi t1_0
Hibernate: select b1_0.taxi_id,b1_0.booking_id,b1_0.destxpos,b1_0.destypos,b1_0.ride_end_time,b1_0.ride_start_time,b1_0.ride_status,b1_0.srcxpos,b1_0.srcypos from booking b1_0 where b1_0.taxi_id=?
Hibernate: delete from taxi where taxi_id=?
2024-06-28T02:16:59.587+04:00  INFO 19819 --- [taxi-management-service] [    Test worker] j.LocalContainerEntityManagerFactoryBean : Closing JPA EntityManagerFactory for persistence unit 'default'
Hibernate: alter table if exists booking drop constraint if exists FKb9pxgdcu5is3umpn5m4uyq0ls
2024-06-28T02:16:59.588+04:00  WARN 19819 --- [taxi-management-service] [    Test worker] com.zaxxer.hikari.pool.ProxyConnection   : HikariPool-7 - Connection org.postgresql.jdbc.PgConnection@208cbbdf marked as broken because of SQLSTATE(08006), ErrorCode(0)

org.postgresql.util.PSQLException: An I/O error occurred while sending to the backend.
	at org.postgresql.core.v3.QueryExecutorImpl.execute(QueryExecutorImpl.java:398) ~[postgresql-42.7.3.jar:42.7.3]
	at org.postgresql.jdbc.PgStatement.executeInternal(PgStatement.java:502) ~[postgresql-42.7.3.jar:42.7.3]
	at org.postgresql.jdbc.PgStatement.execute(PgStatement.java:419) ~[postgresql-42.7.3.jar:42.7.3]
	at org.postgresql.jdbc.PgStatement.executeWithFlags(PgStatement.java:341) ~[postgresql-42.7.3.jar:42.7.3]
	at org.postgresql.jdbc.PgStatement.executeCachedSql(PgStatement.java:326) ~[postgresql-42.7.3.jar:42.7.3]
	at org.postgresql.jdbc.PgStatement.executeWithFlags(PgStatement.java:302) ~[postgresql-42.7.3.jar:42.7.3]
	at org.postgresql.jdbc.PgStatement.execute(PgStatement.java:297) ~[postgresql-42.7.3.jar:42.7.3]
	at com.zaxxer.hikari.pool.ProxyStatement.execute(ProxyStatement.java:94) ~[HikariCP-5.1.0.jar:na]
	at com.zaxxer.hikari.pool.HikariProxyStatement.execute(HikariProxyStatement.java) ~[HikariCP-5.1.0.jar:na]
	at org.hibernate.tool.schema.internal.exec.GenerationTargetToDatabase.accept(GenerationTargetToDatabase.java:80) ~[hibernate-core-6.5.2.Final.jar:6.5.2.Final]
	at org.hibernate.tool.schema.internal.SchemaDropperImpl$DelayedDropActionImpl.perform(SchemaDropperImpl.java:625) ~[hibernate-core-6.5.2.Final.jar:6.5.2.Final]
	at org.hibernate.boot.internal.SessionFactoryObserverForSchemaExport.sessionFactoryClosing(SessionFactoryObserverForSchemaExport.java:48) ~[hibernate-core-6.5.2.Final.jar:6.5.2.Final]
	at org.hibernate.internal.SessionFactoryObserverChain.sessionFactoryClosing(SessionFactoryObserverChain.java:48) ~[hibernate-core-6.5.2.Final.jar:6.5.2.Final]
	at org.hibernate.internal.SessionFactoryImpl.close(SessionFactoryImpl.java:922) ~[hibernate-core-6.5.2.Final.jar:6.5.2.Final]
	at java.base/jdk.internal.reflect.DirectMethodHandleAccessor.invoke(DirectMethodHandleAccessor.java:103) ~[na:na]
	at java.base/java.lang.reflect.Method.invoke(Method.java:580) ~[na:na]
	at org.springframework.orm.jpa.AbstractEntityManagerFactoryBean.invokeProxyMethod(AbstractEntityManagerFactoryBean.java:519) ~[spring-orm-6.1.8.jar:6.1.8]
	at org.springframework.orm.jpa.AbstractEntityManagerFactoryBean$ManagedEntityManagerFactoryInvocationHandler.invoke(AbstractEntityManagerFactoryBean.java:735) ~[spring-orm-6.1.8.jar:6.1.8]
	at jdk.proxy3/jdk.proxy3.$Proxy167.close(Unknown Source) ~[na:na]
	at org.springframework.orm.jpa.AbstractEntityManagerFactoryBean.destroy(AbstractEntityManagerFactoryBean.java:652) ~[spring-orm-6.1.8.jar:6.1.8]
	at org.springframework.beans.factory.support.DisposableBeanAdapter.destroy(DisposableBeanAdapter.java:211) ~[spring-beans-6.1.8.jar:6.1.8]
	at org.springframework.beans.factory.support.DefaultSingletonBeanRegistry.destroyBean(DefaultSingletonBeanRegistry.java:587) ~[spring-beans-6.1.8.jar:6.1.8]
	at org.springframework.beans.factory.support.DefaultSingletonBeanRegistry.destroySingleton(DefaultSingletonBeanRegistry.java:559) ~[spring-beans-6.1.8.jar:6.1.8]
	at org.springframework.beans.factory.support.DefaultListableBeanFactory.destroySingleton(DefaultListableBeanFactory.java:1202) ~[spring-beans-6.1.8.jar:6.1.8]
	at org.springframework.beans.factory.support.DefaultSingletonBeanRegistry.destroySingletons(DefaultSingletonBeanRegistry.java:520) ~[spring-beans-6.1.8.jar:6.1.8]
	at org.springframework.beans.factory.support.DefaultListableBeanFactory.destroySingletons(DefaultListableBeanFactory.java:1195) ~[spring-beans-6.1.8.jar:6.1.8]
	at org.springframework.context.support.AbstractApplicationContext.destroyBeans(AbstractApplicationContext.java:1186) ~[spring-context-6.1.8.jar:6.1.8]
	at org.springframework.context.support.AbstractApplicationContext.doClose(AbstractApplicationContext.java:1147) ~[spring-context-6.1.8.jar:6.1.8]
	at org.springframework.context.support.AbstractApplicationContext.close(AbstractApplicationContext.java:1093) ~[spring-context-6.1.8.jar:6.1.8]
	at org.springframework.test.context.cache.DefaultContextCache.remove(DefaultContextCache.java:204) ~[spring-test-6.1.8.jar:6.1.8]
	at org.springframework.test.context.cache.DefaultContextCache.remove(DefaultContextCache.java:169) ~[spring-test-6.1.8.jar:6.1.8]
	at org.springframework.test.context.cache.DefaultCacheAwareContextLoaderDelegate.closeContext(DefaultCacheAwareContextLoaderDelegate.java:203) ~[spring-test-6.1.8.jar:6.1.8]
	at org.springframework.test.context.support.DefaultTestContext.markApplicationContextDirty(DefaultTestContext.java:154) ~[spring-test-6.1.8.jar:6.1.8]
	at org.springframework.test.context.support.AbstractDirtiesContextTestExecutionListener.dirtyContext(AbstractDirtiesContextTestExecutionListener.java:70) ~[spring-test-6.1.8.jar:6.1.8]
	at org.springframework.test.context.support.AbstractDirtiesContextTestExecutionListener.beforeOrAfterTestClass(AbstractDirtiesContextTestExecutionListener.java:159) ~[spring-test-6.1.8.jar:6.1.8]
	at org.springframework.test.context.support.DirtiesContextTestExecutionListener.afterTestClass(DirtiesContextTestExecutionListener.java:96) ~[spring-test-6.1.8.jar:6.1.8]
	at org.springframework.test.context.TestContextManager.afterTestClass(TestContextManager.java:538) ~[spring-test-6.1.8.jar:6.1.8]
	at org.springframework.test.context.junit.jupiter.SpringExtension.afterAll(SpringExtension.java:144) ~[spring-test-6.1.8.jar:6.1.8]
	at org.junit.jupiter.engine.descriptor.ClassBasedTestDescriptor.lambda$invokeAfterAllCallbacks$18(ClassBasedTestDescriptor.java:462) ~[junit-jupiter-engine-5.10.2.jar:5.10.2]
	at org.junit.platform.engine.support.hierarchical.ThrowableCollector.execute(ThrowableCollector.java:73) ~[junit-platform-engine-1.10.2.jar:1.10.2]
	at org.junit.jupiter.engine.descriptor.ClassBasedTestDescriptor.lambda$invokeAfterAllCallbacks$19(ClassBasedTestDescriptor.java:462) ~[junit-jupiter-engine-5.10.2.jar:5.10.2]
	at org.junit.platform.commons.util.CollectionUtils.forEachInReverseOrder(CollectionUtils.java:221) ~[junit-platform-commons-1.10.2.jar:1.10.2]
	at org.junit.jupiter.engine.descriptor.ClassBasedTestDescriptor.invokeAfterAllCallbacks(ClassBasedTestDescriptor.java:461) ~[junit-jupiter-engine-5.10.2.jar:5.10.2]
	at org.junit.jupiter.engine.descriptor.ClassBasedTestDescriptor.after(ClassBasedTestDescriptor.java:236) ~[junit-jupiter-engine-5.10.2.jar:5.10.2]
	at org.junit.jupiter.engine.descriptor.ClassBasedTestDescriptor.after(ClassBasedTestDescriptor.java:85) ~[junit-jupiter-engine-5.10.2.jar:5.10.2]
	at org.junit.platform.engine.support.hierarchical.NodeTestTask.lambda$executeRecursively$7(NodeTestTask.java:161) ~[junit-platform-engine-1.10.2.jar:1.10.2]
	at org.junit.platform.engine.support.hierarchical.ThrowableCollector.execute(ThrowableCollector.java:73) ~[junit-platform-engine-1.10.2.jar:1.10.2]
	at org.junit.platform.engine.support.hierarchical.NodeTestTask.lambda$executeRecursively$8(NodeTestTask.java:161) ~[junit-platform-engine-1.10.2.jar:1.10.2]
	at org.junit.platform.engine.support.hierarchical.Node.around(Node.java:137) ~[junit-platform-engine-1.10.2.jar:1.10.2]
	at org.junit.platform.engine.support.hierarchical.NodeTestTask.lambda$executeRecursively$9(NodeTestTask.java:139) ~[junit-platform-engine-1.10.2.jar:1.10.2]
	at org.junit.platform.engine.support.hierarchical.ThrowableCollector.execute(ThrowableCollector.java:73) ~[junit-platform-engine-1.10.2.jar:1.10.2]
	at org.junit.platform.engine.support.hierarchical.NodeTestTask.executeRecursively(NodeTestTask.java:138) ~[junit-platform-engine-1.10.2.jar:1.10.2]
	at org.junit.platform.engine.support.hierarchical.NodeTestTask.execute(NodeTestTask.java:95) ~[junit-platform-engine-1.10.2.jar:1.10.2]
	at java.base/java.util.ArrayList.forEach(ArrayList.java:1596) ~[na:na]
	at org.junit.platform.engine.support.hierarchical.SameThreadHierarchicalTestExecutorService.invokeAll(SameThreadHierarchicalTestExecutorService.java:41) ~[junit-platform-engine-1.10.2.jar:1.10.2]
	at org.junit.platform.engine.support.hierarchical.NodeTestTask.lambda$executeRecursively$6(NodeTestTask.java:155) ~[junit-platform-engine-1.10.2.jar:1.10.2]
	at org.junit.platform.engine.support.hierarchical.ThrowableCollector.execute(ThrowableCollector.java:73) ~[junit-platform-engine-1.10.2.jar:1.10.2]
	at org.junit.platform.engine.support.hierarchical.NodeTestTask.lambda$executeRecursively$8(NodeTestTask.java:141) ~[junit-platform-engine-1.10.2.jar:1.10.2]
	at org.junit.platform.engine.support.hierarchical.Node.around(Node.java:137) ~[junit-platform-engine-1.10.2.jar:1.10.2]
	at org.junit.platform.engine.support.hierarchical.NodeTestTask.lambda$executeRecursively$9(NodeTestTask.java:139) ~[junit-platform-engine-1.10.2.jar:1.10.2]
	at org.junit.platform.engine.support.hierarchical.ThrowableCollector.execute(ThrowableCollector.java:73) ~[junit-platform-engine-1.10.2.jar:1.10.2]
	at org.junit.platform.engine.support.hierarchical.NodeTestTask.executeRecursively(NodeTestTask.java:138) ~[junit-platform-engine-1.10.2.jar:1.10.2]
	at org.junit.platform.engine.support.hierarchical.NodeTestTask.execute(NodeTestTask.java:95) ~[junit-platform-engine-1.10.2.jar:1.10.2]
	at org.junit.platform.engine.support.hierarchical.SameThreadHierarchicalTestExecutorService.submit(SameThreadHierarchicalTestExecutorService.java:35) ~[junit-platform-engine-1.10.2.jar:1.10.2]
	at org.junit.platform.engine.support.hierarchical.HierarchicalTestExecutor.execute(HierarchicalTestExecutor.java:57) ~[junit-platform-engine-1.10.2.jar:1.10.2]
	at org.junit.platform.engine.support.hierarchical.HierarchicalTestEngine.execute(HierarchicalTestEngine.java:54) ~[junit-platform-engine-1.10.2.jar:1.10.2]
	at org.junit.platform.launcher.core.EngineExecutionOrchestrator.execute(EngineExecutionOrchestrator.java:107) ~[junit-platform-launcher-1.8.2.jar:1.8.2]
	at org.junit.platform.launcher.core.EngineExecutionOrchestrator.execute(EngineExecutionOrchestrator.java:88) ~[junit-platform-launcher-1.8.2.jar:1.8.2]
	at org.junit.platform.launcher.core.EngineExecutionOrchestrator.lambda$execute$0(EngineExecutionOrchestrator.java:54) ~[junit-platform-launcher-1.8.2.jar:1.8.2]
	at org.junit.platform.launcher.core.EngineExecutionOrchestrator.withInterceptedStreams(EngineExecutionOrchestrator.java:67) ~[junit-platform-launcher-1.8.2.jar:1.8.2]
	at org.junit.platform.launcher.core.EngineExecutionOrchestrator.execute(EngineExecutionOrchestrator.java:52) ~[junit-platform-launcher-1.8.2.jar:1.8.2]
	at org.junit.platform.launcher.core.DefaultLauncher.execute(DefaultLauncher.java:114) ~[junit-platform-launcher-1.8.2.jar:1.8.2]
	at org.junit.platform.launcher.core.DefaultLauncher.execute(DefaultLauncher.java:86) ~[junit-platform-launcher-1.8.2.jar:1.8.2]
	at org.junit.platform.launcher.core.DefaultLauncherSession$DelegatingLauncher.execute(DefaultLauncherSession.java:86) ~[junit-platform-launcher-1.8.2.jar:1.8.2]
	at org.gradle.api.internal.tasks.testing.junitplatform.JUnitPlatformTestClassProcessor$CollectAllTestClassesExecutor.processAllTestClasses(JUnitPlatformTestClassProcessor.java:119) ~[na:na]
	at org.gradle.api.internal.tasks.testing.junitplatform.JUnitPlatformTestClassProcessor$CollectAllTestClassesExecutor.access$000(JUnitPlatformTestClassProcessor.java:94) ~[na:na]
	at org.gradle.api.internal.tasks.testing.junitplatform.JUnitPlatformTestClassProcessor.stop(JUnitPlatformTestClassProcessor.java:89) ~[na:na]
	at org.gradle.api.internal.tasks.testing.SuiteTestClassProcessor.stop(SuiteTestClassProcessor.java:62) ~[na:na]
	at java.base/jdk.internal.reflect.DirectMethodHandleAccessor.invoke(DirectMethodHandleAccessor.java:103) ~[na:na]
	at java.base/java.lang.reflect.Method.invoke(Method.java:580) ~[na:na]
	at org.gradle.internal.dispatch.ReflectionDispatch.dispatch(ReflectionDispatch.java:36) ~[na:na]
	at org.gradle.internal.dispatch.ReflectionDispatch.dispatch(ReflectionDispatch.java:24) ~[na:na]
	at org.gradle.internal.dispatch.ContextClassLoaderDispatch.dispatch(ContextClassLoaderDispatch.java:33) ~[na:na]
	at org.gradle.internal.dispatch.ProxyDispatchAdapter$DispatchingInvocationHandler.invoke(ProxyDispatchAdapter.java:94) ~[na:na]
	at jdk.proxy2/jdk.proxy2.$Proxy5.stop(Unknown Source) ~[na:na]
	at org.gradle.api.internal.tasks.testing.worker.TestWorker$3.run(TestWorker.java:193) ~[na:na]
	at org.gradle.api.internal.tasks.testing.worker.TestWorker.executeAndMaintainThreadName(TestWorker.java:129) ~[na:na]
	at org.gradle.api.internal.tasks.testing.worker.TestWorker.execute(TestWorker.java:100) ~[na:na]
	at org.gradle.api.internal.tasks.testing.worker.TestWorker.execute(TestWorker.java:60) ~[na:na]
	at org.gradle.process.internal.worker.child.ActionExecutionWorker.execute(ActionExecutionWorker.java:56) ~[na:na]
	at org.gradle.process.internal.worker.child.SystemApplicationClassLoaderWorker.call(SystemApplicationClassLoaderWorker.java:113) ~[na:na]
	at org.gradle.process.internal.worker.child.SystemApplicationClassLoaderWorker.call(SystemApplicationClassLoaderWorker.java:65) ~[na:na]
	at worker.org.gradle.process.internal.worker.GradleWorkerMain.run(GradleWorkerMain.java:69) ~[gradle-worker.jar:na]
	at worker.org.gradle.process.internal.worker.GradleWorkerMain.main(GradleWorkerMain.java:74) ~[gradle-worker.jar:na]
Caused by: java.io.EOFException: null
	at org.postgresql.core.PGStream.receiveChar(PGStream.java:469) ~[postgresql-42.7.3.jar:42.7.3]
	at org.postgresql.core.v3.QueryExecutorImpl.processResults(QueryExecutorImpl.java:2166) ~[postgresql-42.7.3.jar:42.7.3]
	at org.postgresql.core.v3.QueryExecutorImpl.execute(QueryExecutorImpl.java:371) ~[postgresql-42.7.3.jar:42.7.3]
	... 93 common frames omitted

2024-06-28T02:16:59.591+04:00 ERROR 19819 --- [taxi-management-service] [    Test worker] .SchemaDropperImpl$DelayedDropActionImpl : HHH000478: Unsuccessful: alter table if exists booking drop constraint if exists FKb9pxgdcu5is3umpn5m4uyq0ls
Hibernate: drop table if exists booking cascade
2024-06-28T02:16:59.591+04:00 ERROR 19819 --- [taxi-management-service] [    Test worker] .SchemaDropperImpl$DelayedDropActionImpl : HHH000478: Unsuccessful: drop table if exists booking cascade
Hibernate: drop table if exists taxi cascade
2024-06-28T02:16:59.591+04:00 ERROR 19819 --- [taxi-management-service] [    Test worker] .SchemaDropperImpl$DelayedDropActionImpl : HHH000478: Unsuccessful: drop table if exists taxi cascade
2024-06-28T02:16:59.591+04:00  INFO 19819 --- [taxi-management-service] [    Test worker] com.zaxxer.hikari.HikariDataSource       : HikariPool-7 - Shutdown initiated...
2024-06-28T02:16:59.651+04:00  INFO 19819 --- [taxi-management-service] [    Test worker] com.zaxxer.hikari.HikariDataSource       : HikariPool-7 - Shutdown completed.
]]></system-out>
  <system-err><![CDATA[]]></system-err>
</testsuite>
