<?xml version="1.0" encoding="UTF-8"?>
<testsuite name="com.tms.controller.RideControllerTest" tests="2" skipped="0" failures="0" errors="0" timestamp="2024-06-27T22:16:37" hostname="Mubins-MacBook-Air.local" time="0.11">
  <properties/>
  <testcase name="givenRideData_whenCreateRideBooking_thenReturnNewRideBooking()" classname="com.tms.controller.RideControllerTest" time="0.087"/>
  <testcase name="givenExistingRide_whenCompleteRide_thenReturnCompletedRide()" classname="com.tms.controller.RideControllerTest" time="0.022"/>
  <system-out><![CDATA[2024-06-28T02:16:37.353+04:00  INFO 19813 --- [taxi-management-service] [    Test worker] t.c.s.AnnotationConfigContextLoaderUtils : Could not detect default configuration classes for test class [com.tms.controller.RideControllerTest]: RideControllerTest does not declare any static, non-private, non-final, nested classes annotated with @Configuration.
2024-06-28T02:16:37.359+04:00  INFO 19813 --- [taxi-management-service] [    Test worker] .b.t.c.SpringBootTestContextBootstrapper : Found @SpringBootConfiguration com.tms.TaxiManagementServiceApplication for test class com.tms.controller.RideControllerTest
  .   ____          _            __ _ _
 /\\ / ___'_ __ _ _(_)_ __  __ _ \ \ \ \
( ( )\___ | '_ | '_| | '_ \/ _` | \ \ \ \
 \\/  ___)| |_)| | | | | || (_| |  ) ) ) )
  '  |____| .__|_| |_|_| |_\__, | / / / /
 =========|_|==============|___/=/_/_/_/

 :: Spring Boot ::                (v3.3.0)

2024-06-28T02:16:37.377+04:00  INFO 19813 --- [taxi-management-service] [    Test worker] com.tms.controller.RideControllerTest    : Starting RideControllerTest using Java 21.0.3 with PID 19813 (started by mubin in /Users/mubin/Documents/Projects/Github/Beamtrail/taxi-management-service)
2024-06-28T02:16:37.377+04:00  INFO 19813 --- [taxi-management-service] [    Test worker] com.tms.controller.RideControllerTest    : The following 1 profile is active: "test"
2024-06-28T02:16:37.522+04:00  INFO 19813 --- [taxi-management-service] [    Test worker] o.s.b.t.m.w.SpringBootMockServletContext : Initializing Spring TestDispatcherServlet ''
2024-06-28T02:16:37.522+04:00  INFO 19813 --- [taxi-management-service] [    Test worker] o.s.t.web.servlet.TestDispatcherServlet  : Initializing Servlet ''
2024-06-28T02:16:37.523+04:00  INFO 19813 --- [taxi-management-service] [    Test worker] o.s.t.web.servlet.TestDispatcherServlet  : Completed initialization in 1 ms
2024-06-28T02:16:37.526+04:00  INFO 19813 --- [taxi-management-service] [    Test worker] com.tms.controller.RideControllerTest    : Started RideControllerTest in 0.165 seconds (process running for 4.615)
]]></system-out>
  <system-err><![CDATA[]]></system-err>
</testsuite>
