<?xml version="1.0" encoding="UTF-8"?>
<testsuite name="com.tms.persistence.repository.TaxiRepositoryTest" tests="1" skipped="0" failures="0" errors="0" timestamp="2024-06-27T22:16:41" hostname="Mubins-MacBook-Air.local" time="0.012">
  <properties/>
  <testcase name="givenTaxiWithTaxiStatusAvailable_whenSearchByTaxiStatusAvailable_thenReturnTaxisWithTaxiStatusAvailable()" classname="com.tms.persistence.repository.TaxiRepositoryTest" time="0.012"/>
  <system-out><![CDATA[2024-06-28T02:16:41.245+04:00  INFO 19813 --- [taxi-management-service] [    Test worker] t.c.s.AnnotationConfigContextLoaderUtils : Could not detect default configuration classes for test class [com.tms.persistence.repository.TaxiRepositoryTest]: TaxiRepositoryTest does not declare any static, non-private, non-final, nested classes annotated with @Configuration.
2024-06-28T02:16:41.250+04:00  INFO 19813 --- [taxi-management-service] [    Test worker] .b.t.c.SpringBootTestContextBootstrapper : Found @SpringBootConfiguration com.tms.TaxiManagementServiceApplication for test class com.tms.persistence.repository.TaxiRepositoryTest
Hibernate: insert into taxi (currxpos,currypos,taxi_status,taxi_id) values (?,?,?,?)
Hibernate: select t1_0.taxi_id,t1_0.currxpos,t1_0.currypos,t1_0.taxi_status from taxi t1_0 where t1_0.taxi_status=?
Hibernate: select t1_0.taxi_id,t1_0.currxpos,t1_0.currypos,t1_0.taxi_status from taxi t1_0
]]></system-out>
  <system-err><![CDATA[]]></system-err>
</testsuite>
