<?xml version="1.0" encoding="UTF-8"?>
<testsuite name="com.tms.controller.DashboardControllerTest" tests="4" skipped="0" failures="0" errors="0" timestamp="2024-06-27T22:16:37" hostname="Mubins-MacBook-Air.local" time="0.198">
  <properties/>
  <testcase name="givenBookingObject_whenGetBookingsByStatus_thenReturnBookings()" classname="com.tms.controller.DashboardControllerTest" time="0.168"/>
  <testcase name="givenTaxiObject_whenGetTaxisByStatus_thenReturnTaxis()" classname="com.tms.controller.DashboardControllerTest" time="0.009"/>
  <testcase name="givenBookingObject_whenGetBookingsByDate_thenReturnBookings()" classname="com.tms.controller.DashboardControllerTest" time="0.014"/>
  <testcase name="givenBookingObject_whenGetBookings_thenReturnBookings()" classname="com.tms.controller.DashboardControllerTest" time="0.004"/>
  <system-out><![CDATA[02:16:35.211 [Test worker] INFO org.springframework.test.context.support.AnnotationConfigContextLoaderUtils -- Could not detect default configuration classes for test class [com.tms.controller.DashboardControllerTest]: DashboardControllerTest does not declare any static, non-private, non-final, nested classes annotated with @Configuration.
02:16:35.399 [Test worker] INFO org.springframework.boot.test.context.SpringBootTestContextBootstrapper -- Found @SpringBootConfiguration com.tms.TaxiManagementServiceApplication for test class com.tms.controller.DashboardControllerTest
  .   ____          _            __ _ _
 /\\ / ___'_ __ _ _(_)_ __  __ _ \ \ \ \
( ( )\___ | '_ | '_| | '_ \/ _` | \ \ \ \
 \\/  ___)| |_)| | | | | || (_| |  ) ) ) )
  '  |____| .__|_| |_|_| |_\__, | / / / /
 =========|_|==============|___/=/_/_/_/

 :: Spring Boot ::                (v3.3.0)

2024-06-28T02:16:35.960+04:00  INFO 19813 --- [taxi-management-service] [    Test worker] c.t.controller.DashboardControllerTest   : Starting DashboardControllerTest using Java 21.0.3 with PID 19813 (started by mubin in /Users/mubin/Documents/Projects/Github/Beamtrail/taxi-management-service)
2024-06-28T02:16:35.963+04:00  INFO 19813 --- [taxi-management-service] [    Test worker] c.t.controller.DashboardControllerTest   : The following 1 profile is active: "test"
2024-06-28T02:16:37.117+04:00  INFO 19813 --- [taxi-management-service] [    Test worker] o.s.b.t.m.w.SpringBootMockServletContext : Initializing Spring TestDispatcherServlet ''
2024-06-28T02:16:37.117+04:00  INFO 19813 --- [taxi-management-service] [    Test worker] o.s.t.web.servlet.TestDispatcherServlet  : Initializing Servlet ''
2024-06-28T02:16:37.118+04:00  INFO 19813 --- [taxi-management-service] [    Test worker] o.s.t.web.servlet.TestDispatcherServlet  : Completed initialization in 1 ms
2024-06-28T02:16:37.144+04:00  INFO 19813 --- [taxi-management-service] [    Test worker] c.t.controller.DashboardControllerTest   : Started DashboardControllerTest in 1.661 seconds (process running for 4.232)
]]></system-out>
  <system-err><![CDATA[]]></system-err>
</testsuite>
