<?xml version="1.0" encoding="UTF-8"?>
<testsuite name="com.tms.persistence.repository.BookingRepositoryTest" tests="3" skipped="0" failures="0" errors="0" timestamp="2024-06-27T22:16:40" hostname="Mubins-MacBook-Air.local" time="0.494">
  <properties/>
  <testcase name="givenBookingWithRideStatusInProgress_whenSearchByRideStatusInProgress_thenReturnBookingsWithRideStatusInProgress()" classname="com.tms.persistence.repository.BookingRepositoryTest" time="0.451"/>
  <testcase name="givenBookingWithRideStatusCompleted_whenSearchByRideStatusCompleted_thenReturnBookingsWithRideStatusCompleted()" classname="com.tms.persistence.repository.BookingRepositoryTest" time="0.023"/>
  <testcase name="givenBookingWithRideStarDate_whenSearchBookingByDateRange_thenReturnBookingsWithRideStartDate()" classname="com.tms.persistence.repository.BookingRepositoryTest" time="0.018"/>
  <system-out><![CDATA[2024-06-28T02:16:37.828+04:00  INFO 19813 --- [taxi-management-service] [    Test worker] t.c.s.AnnotationConfigContextLoaderUtils : Could not detect default configuration classes for test class [com.tms.persistence.repository.BookingRepositoryTest]: BookingRepositoryTest does not declare any static, non-private, non-final, nested classes annotated with @Configuration.
2024-06-28T02:16:37.839+04:00  INFO 19813 --- [taxi-management-service] [    Test worker] .b.t.c.SpringBootTestContextBootstrapper : Found @SpringBootConfiguration com.tms.TaxiManagementServiceApplication for test class com.tms.persistence.repository.BookingRepositoryTest
  .   ____          _            __ _ _
 /\\ / ___'_ __ _ _(_)_ __  __ _ \ \ \ \
( ( )\___ | '_ | '_| | '_ \/ _` | \ \ \ \
 \\/  ___)| |_)| | | | | || (_| |  ) ) ) )
  '  |____| .__|_| |_|_| |_\__, | / / / /
 =========|_|==============|___/=/_/_/_/

 :: Spring Boot ::                (v3.3.0)

2024-06-28T02:16:37.856+04:00  INFO 19813 --- [taxi-management-service] [    Test worker] c.t.p.repository.BookingRepositoryTest   : Starting BookingRepositoryTest using Java 21.0.3 with PID 19813 (started by mubin in /Users/mubin/Documents/Projects/Github/Beamtrail/taxi-management-service)
2024-06-28T02:16:37.857+04:00  INFO 19813 --- [taxi-management-service] [    Test worker] c.t.p.repository.BookingRepositoryTest   : The following 1 profile is active: "test"
2024-06-28T02:16:37.995+04:00  INFO 19813 --- [taxi-management-service] [    Test worker] .s.d.r.c.RepositoryConfigurationDelegate : Bootstrapping Spring Data JPA repositories in DEFAULT mode.
2024-06-28T02:16:38.037+04:00  INFO 19813 --- [taxi-management-service] [    Test worker] .s.d.r.c.RepositoryConfigurationDelegate : Finished Spring Data repository scanning in 33 ms. Found 2 JPA repository interfaces.
2024-06-28T02:16:38.079+04:00  INFO 19813 --- [taxi-management-service] [    Test worker] beddedDataSourceBeanFactoryPostProcessor : Replacing 'dataSource' DataSource bean with embedded version
2024-06-28T02:16:38.158+04:00  INFO 19813 --- [taxi-management-service] [    Test worker] o.s.j.d.e.EmbeddedDatabaseFactory        : Starting embedded database: url='jdbc:h2:mem:de427c07-4975-4af3-ad6d-0e8d8837a603;DB_CLOSE_DELAY=-1;DB_CLOSE_ON_EXIT=false', username='sa'
2024-06-28T02:16:38.726+04:00  INFO 19813 --- [taxi-management-service] [    Test worker] o.hibernate.jpa.internal.util.LogHelper  : HHH000204: Processing PersistenceUnitInfo [name: default]
2024-06-28T02:16:38.823+04:00  INFO 19813 --- [taxi-management-service] [    Test worker] org.hibernate.Version                    : HHH000412: Hibernate ORM core version 6.5.2.Final
2024-06-28T02:16:38.873+04:00  INFO 19813 --- [taxi-management-service] [    Test worker] o.h.c.internal.RegionFactoryInitiator    : HHH000026: Second-level cache disabled
2024-06-28T02:16:39.060+04:00  INFO 19813 --- [taxi-management-service] [    Test worker] o.s.o.j.p.SpringPersistenceUnitInfo      : No LoadTimeWeaver setup: ignoring JPA class transformer
2024-06-28T02:16:39.133+04:00  WARN 19813 --- [taxi-management-service] [    Test worker] org.hibernate.orm.deprecation            : HHH90000025: H2Dialect does not need to be specified explicitly using 'hibernate.dialect' (remove the property setting and it will be selected by default)
2024-06-28T02:16:40.306+04:00  INFO 19813 --- [taxi-management-service] [    Test worker] o.h.e.t.j.p.i.JtaPlatformInitiator       : HHH000489: No JTA platform available (set 'hibernate.transaction.jta.platform' to enable JTA platform integration)
Hibernate: drop table if exists booking cascade 
Hibernate: drop table if exists taxi cascade 
Hibernate: create table booking (destxpos float(53), destypos float(53), srcxpos float(53), srcypos float(53), ride_end_time timestamp(6), ride_start_time timestamp(6), booking_id varchar(255) not null, taxi_id varchar(255), ride_status enum ('COMPLETED','IN_PROGRESS'), primary key (booking_id))
Hibernate: create table taxi (currxpos float(53), currypos float(53), taxi_id varchar(255) not null, taxi_status enum ('AVAILABLE','BOOKED','NOT_AVAILABLE'), primary key (taxi_id))
Hibernate: alter table if exists booking add constraint FKb9pxgdcu5is3umpn5m4uyq0ls foreign key (taxi_id) references taxi
2024-06-28T02:16:40.375+04:00  INFO 19813 --- [taxi-management-service] [    Test worker] j.LocalContainerEntityManagerFactoryBean : Initialized JPA EntityManagerFactory for persistence unit 'default'
2024-06-28T02:16:40.746+04:00  INFO 19813 --- [taxi-management-service] [    Test worker] c.t.p.repository.BookingRepositoryTest   : Started BookingRepositoryTest in 2.905 seconds (process running for 7.835)
Hibernate: insert into taxi (currxpos,currypos,taxi_status,taxi_id) values (?,?,?,?)
Hibernate: insert into booking (destxpos,destypos,ride_end_time,ride_start_time,ride_status,srcxpos,srcypos,taxi_id,booking_id) values (?,?,?,?,?,?,?,?,?)
Hibernate: select b1_0.booking_id,b1_0.destxpos,b1_0.destypos,b1_0.ride_end_time,b1_0.ride_start_time,b1_0.ride_status,b1_0.srcxpos,b1_0.srcypos,b1_0.taxi_id from booking b1_0 where b1_0.ride_status=?
Hibernate: select t1_0.taxi_id,t1_0.currxpos,t1_0.currypos,t1_0.taxi_status from taxi t1_0
Hibernate: select b1_0.booking_id,b1_0.destxpos,b1_0.destypos,b1_0.ride_end_time,b1_0.ride_start_time,b1_0.ride_status,b1_0.srcxpos,b1_0.srcypos,b1_0.taxi_id from booking b1_0
Hibernate: insert into taxi (currxpos,currypos,taxi_status,taxi_id) values (?,?,?,?)
Hibernate: insert into booking (destxpos,destypos,ride_end_time,ride_start_time,ride_status,srcxpos,srcypos,taxi_id,booking_id) values (?,?,?,?,?,?,?,?,?)
Hibernate: update booking set destxpos=?,destypos=?,ride_end_time=?,ride_start_time=?,ride_status=?,srcxpos=?,srcypos=?,taxi_id=? where booking_id=?
Hibernate: select b1_0.booking_id,b1_0.destxpos,b1_0.destypos,b1_0.ride_end_time,b1_0.ride_start_time,b1_0.ride_status,b1_0.srcxpos,b1_0.srcypos,b1_0.taxi_id from booking b1_0 where b1_0.ride_status=?
Hibernate: select t1_0.taxi_id,t1_0.currxpos,t1_0.currypos,t1_0.taxi_status from taxi t1_0
Hibernate: select b1_0.booking_id,b1_0.destxpos,b1_0.destypos,b1_0.ride_end_time,b1_0.ride_start_time,b1_0.ride_status,b1_0.srcxpos,b1_0.srcypos,b1_0.taxi_id from booking b1_0
Hibernate: insert into taxi (currxpos,currypos,taxi_status,taxi_id) values (?,?,?,?)
Hibernate: insert into booking (destxpos,destypos,ride_end_time,ride_start_time,ride_status,srcxpos,srcypos,taxi_id,booking_id) values (?,?,?,?,?,?,?,?,?)
Hibernate: select b1_0.booking_id,b1_0.destxpos,b1_0.destypos,b1_0.ride_end_time,b1_0.ride_start_time,b1_0.ride_status,b1_0.srcxpos,b1_0.srcypos,b1_0.taxi_id from booking b1_0 where b1_0.ride_start_time between ? and ?
Hibernate: select t1_0.taxi_id,t1_0.currxpos,t1_0.currypos,t1_0.taxi_status from taxi t1_0
Hibernate: select b1_0.booking_id,b1_0.destxpos,b1_0.destypos,b1_0.ride_end_time,b1_0.ride_start_time,b1_0.ride_status,b1_0.srcxpos,b1_0.srcypos,b1_0.taxi_id from booking b1_0
]]></system-out>
  <system-err><![CDATA[]]></system-err>
</testsuite>
