<?xml version="1.0" encoding="UTF-8"?>
<testsuite name="com.tms.service.RideServiceTest" tests="4" skipped="0" failures="0" errors="0" timestamp="2024-06-27T22:16:41" hostname="Mubins-MacBook-Air.local" time="0.098">
  <properties/>
  <testcase name="givenTaxiAvailable_whenCreateRideRequest_thenReturnCreateRideResponse()" classname="com.tms.service.RideServiceTest" time="0.08"/>
  <testcase name="givenNoValidBooking_whenCompleteRideRequest_thenThrowNoBookingRecordFoundException()" classname="com.tms.service.RideServiceTest" time="0.003"/>
  <testcase name="givenTaxiAvailable_whenCreateRideRequestWithExceptionDuringBooking_thenThrowNewBookingException()" classname="com.tms.service.RideServiceTest" time="0.011"/>
  <testcase name="givenRideInProgress_whenCompleteRideRequest_thenReturnCompleteRideResponse()" classname="com.tms.service.RideServiceTest" time="0.002"/>
  <system-out><![CDATA[2024-06-28T02:16:41.475+04:00  INFO 19813 --- [taxi-management-service] [    Test worker] com.tms.service.impl.RideServiceImpl     : validating new taxi booking request
2024-06-28T02:16:41.475+04:00  INFO 19813 --- [taxi-management-service] [    Test worker] com.tms.service.impl.RideServiceImpl     : getting nearest taxi
2024-06-28T02:16:41.475+04:00  INFO 19813 --- [taxi-management-service] [    Test worker] com.tms.service.impl.RideServiceImpl     : nearest taxi : TaxiDTO{taxiId='null', taxiStatus=AVAILABLE, xPosition=0.0, yPosition=0.0}
2024-06-28T02:16:41.478+04:00  INFO 19813 --- [taxi-management-service] [    Test worker] com.tms.service.impl.RideServiceImpl     : booking nearest taxi
2024-06-28T02:16:41.478+04:00  INFO 19813 --- [taxi-management-service] [    Test worker] com.tms.service.impl.RideServiceImpl     : nearest taxi successfully booked with booking details : RideDTO[srcXPos=1.0, srcYPos=1.0, destXPos=3.0, destYPos=3.0]
2024-06-28T02:16:41.483+04:00  INFO 19813 --- [taxi-management-service] [    Test worker] com.tms.service.impl.RideServiceImpl     : validating complete ride request
2024-06-28T02:16:41.484+04:00  INFO 19813 --- [taxi-management-service] [    Test worker] com.tms.service.impl.RideServiceImpl     : getting booking details by id 93486c4b-f153-4d11-ae55-5af0e43aeef0
2024-06-28T02:16:41.493+04:00  INFO 19813 --- [taxi-management-service] [    Test worker] com.tms.service.impl.RideServiceImpl     : validating new taxi booking request
2024-06-28T02:16:41.493+04:00  INFO 19813 --- [taxi-management-service] [    Test worker] com.tms.service.impl.RideServiceImpl     : getting nearest taxi
2024-06-28T02:16:41.493+04:00  INFO 19813 --- [taxi-management-service] [    Test worker] com.tms.service.impl.RideServiceImpl     : nearest taxi : TaxiDTO{taxiId='null', taxiStatus=AVAILABLE, xPosition=0.0, yPosition=0.0}
2024-06-28T02:16:41.493+04:00  INFO 19813 --- [taxi-management-service] [    Test worker] com.tms.service.impl.RideServiceImpl     : booking nearest taxi
2024-06-28T02:16:41.494+04:00 ERROR 19813 --- [taxi-management-service] [    Test worker] com.tms.service.impl.RideServiceImpl     : create ride request failed for request : CreateRideRequest[rideDTO=RideDTO[srcXPos=1.0, srcYPos=1.0, destXPos=3.0, destYPos=3.0], maxDistance=5.0]
2024-06-28T02:16:41.498+04:00  INFO 19813 --- [taxi-management-service] [    Test worker] com.tms.service.impl.RideServiceImpl     : validating complete ride request
2024-06-28T02:16:41.498+04:00  INFO 19813 --- [taxi-management-service] [    Test worker] com.tms.service.impl.RideServiceImpl     : getting booking details by id 9f1d28e9-920a-4634-8aca-3c9f759fc574
]]></system-out>
  <system-err><![CDATA[]]></system-err>
</testsuite>
